INFO: -----------------------------------
    Task: train

INFO: Load Dataset GOODMotif
INFO: Loading model...
INFO: Epoch 0:
INFO: Evaluating...
INFO: Approximated ML: 0.8620|LA: 0.8957|EA: 0.9157
INFO: Eval_train ACCURACY: 0.7715
Eval_train Loss: 0.6516
INFO: Id_val ACCURACY: 0.7610
Id_val Loss: 0.6726
INFO: Id_test ACCURACY: 0.7810
Id_test Loss: 0.6419
INFO: Val ACCURACY: 0.8830
Val Loss: 0.5282
INFO: Test ACCURACY: 0.9040
Test Loss: 0.4809
INFO: Epoch 1:
INFO: Evaluating...
INFO: Approximated ML: 0.7342|LA: 0.7848|EA: 1.0453
INFO: Eval_train ACCURACY: 0.7151
Eval_train Loss: 0.8424
INFO: Id_val ACCURACY: 0.7047
Id_val Loss: 0.8852
INFO: Id_test ACCURACY: 0.7143
Id_test Loss: 0.8550
INFO: Val ACCURACY: 0.8447
Val Loss: 0.7266
INFO: Test ACCURACY: 0.6513
Test Loss: 0.7755
INFO: Epoch 2:
INFO: Evaluating...
INFO: Approximated ML: 0.7552|LA: 0.7508|EA: 1.0231
INFO: Eval_train ACCURACY: 0.7406
Eval_train Loss: 0.7038
INFO: Id_val ACCURACY: 0.7437
Id_val Loss: 0.7085
INFO: Id_test ACCURACY: 0.7523
Id_test Loss: 0.6985
INFO: Val ACCURACY: 0.7767
Val Loss: 0.6563
INFO: Test ACCURACY: 0.6623
Test Loss: 0.7449
INFO: Epoch 3:
INFO: Evaluating...
INFO: Approximated ML: 0.7715|LA: 0.8708|EA: 1.0216
INFO: Eval_train ACCURACY: 0.7832
Eval_train Loss: 0.6239
INFO: Id_val ACCURACY: 0.7817
Id_val Loss: 0.6356
INFO: Id_test ACCURACY: 0.7857
Id_test Loss: 0.6297
INFO: Val ACCURACY: 0.9003
Val Loss: 0.4771
INFO: Test ACCURACY: 0.8920
Test Loss: 0.5065
INFO: Epoch 4:
INFO: Evaluating...
INFO: Approximated ML: 0.7343|LA: 0.7570|EA: 1.0731
INFO: Eval_train ACCURACY: 0.8263
Eval_train Loss: 0.5532
INFO: Id_val ACCURACY: 0.8217
Id_val Loss: 0.5648
INFO: Id_test ACCURACY: 0.8293
Id_test Loss: 0.5560
INFO: Val ACCURACY: 0.9197
Val Loss: 0.4307
INFO: Test ACCURACY: 0.8950
Test Loss: 0.4215
INFO: Epoch 5:
INFO: Evaluating...
INFO: Approximated ML: 0.6650|LA: 0.7386|EA: 1.0824
INFO: Eval_train ACCURACY: 0.7405
Eval_train Loss: 0.6666
INFO: Id_val ACCURACY: 0.7413
Id_val Loss: 0.6645
INFO: Id_test ACCURACY: 0.7510
Id_test Loss: 0.6515
INFO: Val ACCURACY: 0.8697
Val Loss: 0.4765
INFO: Test ACCURACY: 0.7663
Test Loss: 0.5862
INFO: Epoch 6:
INFO: Evaluating...
INFO: Approximated ML: 0.7089|LA: 0.6994|EA: 1.0881
INFO: Eval_train ACCURACY: 0.6888
Eval_train Loss: 0.6983
INFO: Id_val ACCURACY: 0.6940
Id_val Loss: 0.7000
INFO: Id_test ACCURACY: 0.6937
Id_test Loss: 0.6974
INFO: Val ACCURACY: 0.7153
Val Loss: 0.6242
INFO: Test ACCURACY: 0.5933
Test Loss: 0.8121
INFO: Epoch 7:
INFO: Evaluating...
INFO: Approximated ML: 0.6532|LA: 0.6715|EA: 1.0841
INFO: Eval_train ACCURACY: 0.8516
Eval_train Loss: 0.5033
INFO: Id_val ACCURACY: 0.8553
Id_val Loss: 0.5129
INFO: Id_test ACCURACY: 0.8560
Id_test Loss: 0.5046
INFO: Val ACCURACY: 0.9273
Val Loss: 0.3680
INFO: Test ACCURACY: 0.9207
Test Loss: 0.3609
INFO: Epoch 8:
INFO: Evaluating...
INFO: Approximated ML: 0.6558|LA: 0.6240|EA: 1.0894
INFO: Eval_train ACCURACY: 0.8383
Eval_train Loss: 0.5139
INFO: Id_val ACCURACY: 0.8380
Id_val Loss: 0.5196
INFO: Id_test ACCURACY: 0.8363
Id_test Loss: 0.5153
INFO: Val ACCURACY: 0.9263
Val Loss: 0.3736
INFO: Test ACCURACY: 0.7840
Test Loss: 0.4935
INFO: Epoch 9:
INFO: Evaluating...
INFO: Approximated ML: 0.6622|LA: 0.6497|EA: 1.0861
INFO: Eval_train ACCURACY: 0.7134
Eval_train Loss: 0.6621
INFO: Id_val ACCURACY: 0.7227
Id_val Loss: 0.6540
INFO: Id_test ACCURACY: 0.6997
Id_test Loss: 0.6611
INFO: Val ACCURACY: 0.8647
Val Loss: 0.5304
INFO: Test ACCURACY: 0.6377
Test Loss: 0.6642
INFO: Epoch 10:
INFO: Evaluating...
INFO: Approximated ML: 0.6635|LA: 0.6661|EA: 1.0851
INFO: Eval_train ACCURACY: 0.8354
Eval_train Loss: 0.5479
INFO: Id_val ACCURACY: 0.8323
Id_val Loss: 0.5575
INFO: Id_test ACCURACY: 0.8360
Id_test Loss: 0.5457
INFO: Val ACCURACY: 0.8817
Val Loss: 0.5207
INFO: Test ACCURACY: 0.8210
Test Loss: 0.4796
INFO: Epoch 11:
INFO: Evaluating...
INFO: Approximated ML: 0.7782|LA: 0.7280|EA: 1.0924
INFO: Eval_train ACCURACY: 0.7567
Eval_train Loss: 0.6321
INFO: Id_val ACCURACY: 0.7567
Id_val Loss: 0.6425
INFO: Id_test ACCURACY: 0.7573
Id_test Loss: 0.6228
INFO: Val ACCURACY: 0.7647
Val Loss: 0.5676
INFO: Test ACCURACY: 0.8157
Test Loss: 0.5212
INFO: Epoch 12:
INFO: Evaluating...
INFO: Approximated ML: 0.7416|LA: 0.6991|EA: 1.0940
INFO: Eval_train ACCURACY: 0.7629
Eval_train Loss: 0.6463
INFO: Id_val ACCURACY: 0.7800
Id_val Loss: 0.6389
INFO: Id_test ACCURACY: 0.7643
Id_test Loss: 0.6332
INFO: Val ACCURACY: 0.8057
Val Loss: 0.5292
INFO: Test ACCURACY: 0.8567
Test Loss: 0.4732
INFO: Epoch 13:
INFO: Evaluating...
INFO: Approximated ML: 0.9334|LA: 0.9104|EA: 1.0556
INFO: Eval_train ACCURACY: 0.3261
Eval_train Loss: 1.1038
INFO: Id_val ACCURACY: 0.3353
Id_val Loss: 1.1042
INFO: Id_test ACCURACY: 0.3157
Id_test Loss: 1.1052
INFO: Val ACCURACY: 0.3017
Val Loss: 1.1099
INFO: Test ACCURACY: 0.3400
Test Loss: 1.1002
INFO: Epoch 14:
INFO: Evaluating...
INFO: Approximated ML: 1.0377|LA: 1.0030|EA: 1.0624
INFO: Eval_train ACCURACY: 0.5996
Eval_train Loss: 0.8689
INFO: Id_val ACCURACY: 0.5957
Id_val Loss: 0.8751
INFO: Id_test ACCURACY: 0.5830
Id_test Loss: 0.8811
INFO: Val ACCURACY: 0.6357
Val Loss: 0.7434
INFO: Test ACCURACY: 0.3363
Test Loss: 3.4739
INFO: Epoch 15:
INFO: Evaluating...
INFO: Approximated ML: 0.9046|LA: 0.6686|EA: 1.0826
INFO: Eval_train ACCURACY: 0.7284
Eval_train Loss: 0.7014
INFO: Id_val ACCURACY: 0.7233
Id_val Loss: 0.7033
INFO: Id_test ACCURACY: 0.7370
Id_test Loss: 0.7086
INFO: Val ACCURACY: 0.7503
Val Loss: 0.5969
INFO: Test ACCURACY: 0.3800
Test Loss: 2.6213
INFO: Epoch 16:
INFO: Evaluating...
INFO: Approximated ML: 0.8458|LA: 0.6623|EA: 1.0912
INFO: Eval_train ACCURACY: 0.6671
Eval_train Loss: 0.7558
INFO: Id_val ACCURACY: 0.6640
Id_val Loss: 0.7711
INFO: Id_test ACCURACY: 0.6543
Id_test Loss: 0.7731
INFO: Val ACCURACY: 0.7160
Val Loss: 0.5890
INFO: Test ACCURACY: 0.4087
Test Loss: 2.5440
INFO: Epoch 17:
INFO: Evaluating...
INFO: Approximated ML: 0.8808|LA: 0.6739|EA: 1.0886
INFO: Eval_train ACCURACY: 0.4659
Eval_train Loss: 1.0141
INFO: Id_val ACCURACY: 0.4690
Id_val Loss: 1.0177
INFO: Id_test ACCURACY: 0.4530
Id_test Loss: 1.0228
INFO: Val ACCURACY: 0.4120
Val Loss: 1.0747
INFO: Test ACCURACY: 0.5827
Test Loss: 0.9790
INFO: Epoch 18:
INFO: Evaluating...
INFO: Approximated ML: 0.9953|LA: 0.8263|EA: 1.0829
INFO: Eval_train ACCURACY: 0.6458
Eval_train Loss: 0.8216
INFO: Id_val ACCURACY: 0.6347
Id_val Loss: 0.8380
INFO: Id_test ACCURACY: 0.6403
Id_test Loss: 0.8311
INFO: Val ACCURACY: 0.6247
Val Loss: 0.7635
INFO: Test ACCURACY: 0.4323
Test Loss: 1.2732
INFO: Epoch 19:
INFO: Evaluating...
INFO: Approximated ML: 0.8797|LA: 0.6884|EA: 1.0911
INFO: Eval_train ACCURACY: 0.5983
Eval_train Loss: 0.8831
INFO: Id_val ACCURACY: 0.5963
Id_val Loss: 0.8929
INFO: Id_test ACCURACY: 0.5977
Id_test Loss: 0.8947
INFO: Val ACCURACY: 0.5390
Val Loss: 0.8552
INFO: Test ACCURACY: 0.4560
Test Loss: 1.1012
INFO: Epoch 20:
INFO: Evaluating...
INFO: Approximated ML: 0.8481|LA: 0.6567|EA: 1.0927
INFO: Eval_train ACCURACY: 0.6801
Eval_train Loss: 0.7879
INFO: Id_val ACCURACY: 0.6777
Id_val Loss: 0.8035
INFO: Id_test ACCURACY: 0.6747
Id_test Loss: 0.7987
INFO: Val ACCURACY: 0.7687
Val Loss: 0.6657
INFO: Test ACCURACY: 0.4290
Test Loss: 1.5727
INFO: Epoch 21:
INFO: Evaluating...
INFO: Approximated ML: 0.9085|LA: 0.6210|EA: 1.0928
INFO: Eval_train ACCURACY: 0.6419
Eval_train Loss: 0.7841
INFO: Id_val ACCURACY: 0.6223
Id_val Loss: 0.8087
INFO: Id_test ACCURACY: 0.6333
Id_test Loss: 0.8113
INFO: Val ACCURACY: 0.6443
Val Loss: 0.6522
INFO: Test ACCURACY: 0.4047
Test Loss: 2.0004
INFO: Epoch 22:
INFO: Evaluating...
INFO: Approximated ML: 0.8537|LA: 0.6716|EA: 1.0915
INFO: Eval_train ACCURACY: 0.6345
Eval_train Loss: 0.8237
INFO: Id_val ACCURACY: 0.6157
Id_val Loss: 0.8539
INFO: Id_test ACCURACY: 0.6313
Id_test Loss: 0.8339
INFO: Val ACCURACY: 0.6510
Val Loss: 0.6927
INFO: Test ACCURACY: 0.4110
Test Loss: 2.0809
INFO: Epoch 23:
INFO: Evaluating...
INFO: Approximated ML: 0.8694|LA: 0.6404|EA: 1.0957
INFO: Eval_train ACCURACY: 0.6764
Eval_train Loss: 0.7559
INFO: Id_val ACCURACY: 0.6747
Id_val Loss: 0.7678
INFO: Id_test ACCURACY: 0.6723
Id_test Loss: 0.7628
INFO: Val ACCURACY: 0.7290
Val Loss: 0.6454
INFO: Test ACCURACY: 0.3893
Test Loss: 2.0845
INFO: Epoch 24:
INFO: Evaluating...
INFO: Approximated ML: 0.8574|LA: 0.6613|EA: 1.0859
INFO: Eval_train ACCURACY: 0.5136
Eval_train Loss: 0.9689
INFO: Id_val ACCURACY: 0.5093
Id_val Loss: 0.9737
INFO: Id_test ACCURACY: 0.5020
Id_test Loss: 0.9716
INFO: Val ACCURACY: 0.6267
Val Loss: 0.9339
INFO: Test ACCURACY: 0.3703
Test Loss: 1.0693
INFO: Epoch 25:
INFO: Evaluating...
INFO: Approximated ML: 0.8253|LA: 0.6336|EA: 1.0934
INFO: Eval_train ACCURACY: 0.6624
Eval_train Loss: 0.7690
INFO: Id_val ACCURACY: 0.6577
Id_val Loss: 0.7719
INFO: Id_test ACCURACY: 0.6720
Id_test Loss: 0.7682
INFO: Val ACCURACY: 0.6497
Val Loss: 0.7093
INFO: Test ACCURACY: 0.4483
Test Loss: 1.5144
INFO: Epoch 26:
INFO: Evaluating...
INFO: Approximated ML: 0.9767|LA: 0.8351|EA: 1.0974
INFO: Eval_train ACCURACY: 0.6603
Eval_train Loss: 0.7799
INFO: Id_val ACCURACY: 0.6507
Id_val Loss: 0.7996
INFO: Id_test ACCURACY: 0.6510
Id_test Loss: 0.7949
INFO: Val ACCURACY: 0.6410
Val Loss: 0.7376
INFO: Test ACCURACY: 0.4167
Test Loss: 1.7254
INFO: Epoch 27:
INFO: Evaluating...
INFO: Approximated ML: 0.8825|LA: 0.7586|EA: 1.0935
INFO: Eval_train ACCURACY: 0.6729
Eval_train Loss: 0.7957
INFO: Id_val ACCURACY: 0.6653
Id_val Loss: 0.8059
INFO: Id_test ACCURACY: 0.6660
Id_test Loss: 0.8077
INFO: Val ACCURACY: 0.6867
Val Loss: 0.7332
INFO: Test ACCURACY: 0.3540
Test Loss: 1.9340
INFO: Epoch 28:
INFO: Evaluating...
INFO: Approximated ML: 1.0504|LA: 0.8398|EA: 1.0935
INFO: Eval_train ACCURACY: 0.4811
Eval_train Loss: 1.0194
INFO: Id_val ACCURACY: 0.4920
Id_val Loss: 1.0206
INFO: Id_test ACCURACY: 0.4867
Id_test Loss: 1.0187
INFO: Val ACCURACY: 0.3373
Val Loss: 1.0787
INFO: Test ACCURACY: 0.3690
Test Loss: 1.0410
INFO: Epoch 29:
INFO: Evaluating...
INFO: Approximated ML: 0.9976|LA: 0.7497|EA: 1.0931
INFO: Eval_train ACCURACY: 0.5646
Eval_train Loss: 0.9232
INFO: Id_val ACCURACY: 0.5553
Id_val Loss: 0.9334
INFO: Id_test ACCURACY: 0.5610
Id_test Loss: 0.9214
INFO: Val ACCURACY: 0.5713
Val Loss: 0.8770
INFO: Test ACCURACY: 0.6090
Test Loss: 0.8591
INFO: Epoch 30:
INFO: Evaluating...
INFO: Approximated ML: 0.9145|LA: 0.7079|EA: 1.0978
INFO: Eval_train ACCURACY: 0.6354
Eval_train Loss: 0.8397
INFO: Id_val ACCURACY: 0.6300
Id_val Loss: 0.8435
INFO: Id_test ACCURACY: 0.6293
Id_test Loss: 0.8379
INFO: Val ACCURACY: 0.4357
Val Loss: 0.9459
INFO: Test ACCURACY: 0.5203
Test Loss: 0.8614
INFO: Epoch 31:
INFO: Evaluating...
INFO: Approximated ML: 0.8981|LA: 0.7266|EA: 1.0967
INFO: Eval_train ACCURACY: 0.5855
Eval_train Loss: 0.8749
INFO: Id_val ACCURACY: 0.5810
Id_val Loss: 0.8686
INFO: Id_test ACCURACY: 0.5800
Id_test Loss: 0.8534
INFO: Val ACCURACY: 0.5737
Val Loss: 0.8238
INFO: Test ACCURACY: 0.5790
Test Loss: 0.7669
INFO: Epoch 32:
INFO: Evaluating...
INFO: Approximated ML: 0.9243|LA: 0.7574|EA: 1.0968
INFO: Eval_train ACCURACY: 0.4758
Eval_train Loss: 1.0237
INFO: Id_val ACCURACY: 0.4730
Id_val Loss: 1.0237
INFO: Id_test ACCURACY: 0.4900
Id_test Loss: 1.0168
INFO: Val ACCURACY: 0.4833
Val Loss: 0.9905
INFO: Test ACCURACY: 0.5917
Test Loss: 0.9692
INFO: Epoch 33:
INFO: Evaluating...
INFO: Approximated ML: 0.8871|LA: 0.7536|EA: 1.0954
INFO: Eval_train ACCURACY: 0.6530
Eval_train Loss: 0.7851
INFO: Id_val ACCURACY: 0.6470
Id_val Loss: 0.8052
INFO: Id_test ACCURACY: 0.6727
Id_test Loss: 0.7600
INFO: Val ACCURACY: 0.6533
Val Loss: 0.7026
INFO: Test ACCURACY: 0.8257
Test Loss: 0.6281
INFO: Epoch 34:
INFO: Evaluating...
INFO: Approximated ML: 0.8712|LA: 0.7660|EA: 1.0949
INFO: Eval_train ACCURACY: 0.7118
Eval_train Loss: 0.7344
INFO: Id_val ACCURACY: 0.7090
Id_val Loss: 0.7396
INFO: Id_test ACCURACY: 0.7137
Id_test Loss: 0.7188
INFO: Val ACCURACY: 0.6720
Val Loss: 0.6716
INFO: Test ACCURACY: 0.7300
Test Loss: 0.6239
INFO: Epoch 35:
INFO: Evaluating...
INFO: Approximated ML: 0.9538|LA: 0.8409|EA: 1.0805
INFO: Eval_train ACCURACY: 0.6883
Eval_train Loss: 0.7356
INFO: Id_val ACCURACY: 0.6847
Id_val Loss: 0.7403
INFO: Id_test ACCURACY: 0.6880
Id_test Loss: 0.7309
INFO: Val ACCURACY: 0.6930
Val Loss: 0.6595
INFO: Test ACCURACY: 0.7200
Test Loss: 0.6311
INFO: Epoch 36:
INFO: Evaluating...
INFO: Approximated ML: 0.8494|LA: 0.7959|EA: 1.0989
INFO: Eval_train ACCURACY: 0.7007
Eval_train Loss: 0.7449
INFO: Id_val ACCURACY: 0.7130
Id_val Loss: 0.7388
INFO: Id_test ACCURACY: 0.7083
Id_test Loss: 0.7374
INFO: Val ACCURACY: 0.8193
Val Loss: 0.6232
INFO: Test ACCURACY: 0.7317
Test Loss: 0.6292
INFO: Epoch 37:
INFO: Evaluating...
INFO: Approximated ML: 0.8651|LA: 0.8590|EA: 1.0983
INFO: Eval_train ACCURACY: 0.7194
Eval_train Loss: 0.7291
INFO: Id_val ACCURACY: 0.7340
Id_val Loss: 0.7202
INFO: Id_test ACCURACY: 0.7283
Id_test Loss: 0.7331
INFO: Val ACCURACY: 0.8703
Val Loss: 0.5993
INFO: Test ACCURACY: 0.7090
Test Loss: 0.6671
INFO: Epoch 38:
INFO: Evaluating...
INFO: Approximated ML: 0.8761|LA: 0.9137|EA: 1.0978
INFO: Eval_train ACCURACY: 0.6533
Eval_train Loss: 0.7982
INFO: Id_val ACCURACY: 0.6390
Id_val Loss: 0.7984
INFO: Id_test ACCURACY: 0.6517
Id_test Loss: 0.7966
INFO: Val ACCURACY: 0.7220
Val Loss: 0.6851
INFO: Test ACCURACY: 0.6630
Test Loss: 0.7640
INFO: Epoch 39:
INFO: Evaluating...
INFO: Approximated ML: 0.8909|LA: 0.9591|EA: 1.0988
INFO: Eval_train ACCURACY: 0.6012
Eval_train Loss: 0.8652
INFO: Id_val ACCURACY: 0.5940
Id_val Loss: 0.8636
INFO: Id_test ACCURACY: 0.6050
Id_test Loss: 0.8676
INFO: Val ACCURACY: 0.5563
Val Loss: 0.8997
INFO: Test ACCURACY: 0.6590
Test Loss: 0.8075
INFO: Epoch 40:
INFO: Evaluating...
INFO: Approximated ML: 0.8773|LA: 0.9971|EA: 1.0995
INFO: Eval_train ACCURACY: 0.6431
Eval_train Loss: 0.7890
INFO: Id_val ACCURACY: 0.6463
Id_val Loss: 0.7811
INFO: Id_test ACCURACY: 0.6313
Id_test Loss: 0.7966
INFO: Val ACCURACY: 0.5043
Val Loss: 0.8517
INFO: Test ACCURACY: 0.5897
Test Loss: 0.8609
INFO: Epoch 41:
INFO: Evaluating...
INFO: Approximated ML: 0.8601|LA: 0.9888|EA: 1.0983
INFO: Eval_train ACCURACY: 0.7506
Eval_train Loss: 0.6871
INFO: Id_val ACCURACY: 0.7513
Id_val Loss: 0.6828
INFO: Id_test ACCURACY: 0.7553
Id_test Loss: 0.6871
INFO: Val ACCURACY: 0.8463
Val Loss: 0.6313
INFO: Test ACCURACY: 0.8780
Test Loss: 0.5483
INFO: Epoch 42:
INFO: Evaluating...
INFO: Approximated ML: 0.8828|LA: 1.0467|EA: 1.0907
INFO: Eval_train ACCURACY: 0.6917
Eval_train Loss: 0.7955
INFO: Id_val ACCURACY: 0.6850
Id_val Loss: 0.8184
INFO: Id_test ACCURACY: 0.6837
Id_test Loss: 0.8003
INFO: Val ACCURACY: 0.8390
Val Loss: 0.6278
INFO: Test ACCURACY: 0.8817
Test Loss: 0.5450
INFO: Epoch 43:
INFO: Evaluating...
INFO: Approximated ML: 0.8936|LA: 1.0235|EA: 1.0917
INFO: Eval_train ACCURACY: 0.7799
Eval_train Loss: 0.6693
INFO: Id_val ACCURACY: 0.7733
Id_val Loss: 0.6799
INFO: Id_test ACCURACY: 0.7813
Id_test Loss: 0.6711
INFO: Val ACCURACY: 0.8480
Val Loss: 0.6191
INFO: Test ACCURACY: 0.8167
Test Loss: 0.6228
INFO: Epoch 44:
INFO: Evaluating...
INFO: Approximated ML: 0.8166|LA: 1.0411|EA: 1.0982
INFO: Eval_train ACCURACY: 0.7871
Eval_train Loss: 0.6559
INFO: Id_val ACCURACY: 0.7830
Id_val Loss: 0.6624
INFO: Id_test ACCURACY: 0.8017
Id_test Loss: 0.6524
INFO: Val ACCURACY: 0.7923
Val Loss: 0.6297
INFO: Test ACCURACY: 0.8717
Test Loss: 0.5363
INFO: Epoch 45:
INFO: Evaluating...
INFO: Approximated ML: 0.7653|LA: 1.0541|EA: 1.0975
INFO: Eval_train ACCURACY: 0.8073
Eval_train Loss: 0.5918
INFO: Id_val ACCURACY: 0.8123
Id_val Loss: 0.5913
INFO: Id_test ACCURACY: 0.8053
Id_test Loss: 0.5921
INFO: Val ACCURACY: 0.7910
Val Loss: 0.6900
INFO: Test ACCURACY: 0.8043
Test Loss: 0.5589
INFO: Epoch 46:
INFO: Evaluating...
INFO: Approximated ML: 0.7378|LA: 1.0556|EA: 1.0944
INFO: Eval_train ACCURACY: 0.7018
Eval_train Loss: 0.6889
INFO: Id_val ACCURACY: 0.7080
Id_val Loss: 0.7014
INFO: Id_test ACCURACY: 0.7180
Id_test Loss: 0.6702
INFO: Val ACCURACY: 0.8400
Val Loss: 0.6822
INFO: Test ACCURACY: 0.7533
Test Loss: 0.6029
INFO: Epoch 47:
INFO: Evaluating...
INFO: Approximated ML: 0.7819|LA: 0.9768|EA: 1.0879
INFO: Eval_train ACCURACY: 0.7893
Eval_train Loss: 0.6592
INFO: Id_val ACCURACY: 0.7867
Id_val Loss: 0.6730
INFO: Id_test ACCURACY: 0.7827
Id_test Loss: 0.6663
INFO: Val ACCURACY: 0.4367
Val Loss: 1.0255
INFO: Test ACCURACY: 0.8583
Test Loss: 0.5101
INFO: Epoch 48:
INFO: Evaluating...
INFO: Approximated ML: 0.8114|LA: 0.9747|EA: 1.0974
INFO: Eval_train ACCURACY: 0.8028
Eval_train Loss: 0.6383
INFO: Id_val ACCURACY: 0.8047
Id_val Loss: 0.6390
INFO: Id_test ACCURACY: 0.8030
Id_test Loss: 0.6414
INFO: Val ACCURACY: 0.8313
Val Loss: 0.6204
INFO: Test ACCURACY: 0.7020
Test Loss: 0.7179
INFO: Epoch 49:
INFO: Evaluating...
INFO: Approximated ML: 0.7228|LA: 1.0427|EA: 1.0955
INFO: Eval_train ACCURACY: 0.6947
Eval_train Loss: 0.6951
INFO: Id_val ACCURACY: 0.7023
Id_val Loss: 0.6906
INFO: Id_test ACCURACY: 0.6923
Id_test Loss: 0.6996
INFO: Val ACCURACY: 0.8160
Val Loss: 0.6254
INFO: Test ACCURACY: 0.5673
Test Loss: 1.1820
INFO: Epoch 50:
INFO: Evaluating...
INFO: Approximated ML: 0.7516|LA: 1.0327|EA: 1.0915
INFO: Eval_train ACCURACY: 0.8342
Eval_train Loss: 0.5552
INFO: Id_val ACCURACY: 0.8373
Id_val Loss: 0.5574
INFO: Id_test ACCURACY: 0.8337
Id_test Loss: 0.5561
INFO: Val ACCURACY: 0.9197
Val Loss: 0.4444
INFO: Test ACCURACY: 0.8453
Test Loss: 0.4987
INFO: Epoch 51:
INFO: Evaluating...
INFO: Approximated ML: 0.7507|LA: 1.0497|EA: 1.0869
INFO: Eval_train ACCURACY: 0.6056
Eval_train Loss: 0.7802
INFO: Id_val ACCURACY: 0.6170
Id_val Loss: 0.7708
INFO: Id_test ACCURACY: 0.6070
Id_test Loss: 0.7888
INFO: Val ACCURACY: 0.4543
Val Loss: 0.7906
INFO: Test ACCURACY: 0.5660
Test Loss: 0.8053
INFO: Epoch 52:
INFO: Evaluating...
INFO: Approximated ML: 0.8774|LA: 1.0176|EA: 1.0926
INFO: Eval_train ACCURACY: 0.7142
Eval_train Loss: 0.7551
INFO: Id_val ACCURACY: 0.7070
Id_val Loss: 0.7666
INFO: Id_test ACCURACY: 0.7077
Id_test Loss: 0.7601
INFO: Val ACCURACY: 0.5153
Val Loss: 0.9706
INFO: Test ACCURACY: 0.5917
Test Loss: 0.9848
INFO: Epoch 53:
INFO: Evaluating...
INFO: Approximated ML: 0.7779|LA: 1.0664|EA: 1.0939
INFO: Eval_train ACCURACY: 0.8117
Eval_train Loss: 0.6112
INFO: Id_val ACCURACY: 0.8147
Id_val Loss: 0.6059
INFO: Id_test ACCURACY: 0.8163
Id_test Loss: 0.6155
INFO: Val ACCURACY: 0.8390
Val Loss: 0.5680
INFO: Test ACCURACY: 0.8683
Test Loss: 0.4783
INFO: Epoch 54:
INFO: Evaluating...
INFO: Approximated ML: 0.7386|LA: 1.0557|EA: 1.0913
INFO: Eval_train ACCURACY: 0.8175
Eval_train Loss: 0.5513
INFO: Id_val ACCURACY: 0.8323
Id_val Loss: 0.5450
INFO: Id_test ACCURACY: 0.8163
Id_test Loss: 0.5517
INFO: Val ACCURACY: 0.8517
Val Loss: 0.5491
INFO: Test ACCURACY: 0.7717
Test Loss: 0.5495
INFO: Epoch 55:
INFO: Evaluating...
INFO: Approximated ML: 0.7178|LA: 1.0554|EA: 1.0895
INFO: Eval_train ACCURACY: 0.7267
Eval_train Loss: 0.7143
INFO: Id_val ACCURACY: 0.7327
Id_val Loss: 0.7141
INFO: Id_test ACCURACY: 0.7080
Id_test Loss: 0.7125
INFO: Val ACCURACY: 0.7680
Val Loss: 0.6329
INFO: Test ACCURACY: 0.7867
Test Loss: 0.6036
INFO: Epoch 56:
INFO: Evaluating...
INFO: Approximated ML: 0.7689|LA: 1.0476|EA: 1.0936
INFO: Eval_train ACCURACY: 0.8157
Eval_train Loss: 0.5790
INFO: Id_val ACCURACY: 0.8143
Id_val Loss: 0.5794
INFO: Id_test ACCURACY: 0.8180
Id_test Loss: 0.5648
INFO: Val ACCURACY: 0.8677
Val Loss: 0.5227
INFO: Test ACCURACY: 0.8880
Test Loss: 0.4773
INFO: Epoch 57:
INFO: Evaluating...
INFO: Approximated ML: 0.7593|LA: 1.0254|EA: 1.0914
INFO: Eval_train ACCURACY: 0.8282
Eval_train Loss: 0.5798
INFO: Id_val ACCURACY: 0.8280
Id_val Loss: 0.5896
INFO: Id_test ACCURACY: 0.8237
Id_test Loss: 0.5843
INFO: Val ACCURACY: 0.4183
Val Loss: 1.0949
INFO: Test ACCURACY: 0.8837
Test Loss: 0.5066
INFO: Epoch 58:
INFO: Evaluating...
INFO: Approximated ML: 0.7207|LA: 1.0502|EA: 1.0913
INFO: Eval_train ACCURACY: 0.8287
Eval_train Loss: 0.5330
INFO: Id_val ACCURACY: 0.8377
Id_val Loss: 0.5237
INFO: Id_test ACCURACY: 0.8343
Id_test Loss: 0.5247
INFO: Val ACCURACY: 0.7873
Val Loss: 0.5787
INFO: Test ACCURACY: 0.8617
Test Loss: 0.4748
INFO: Epoch 59:
INFO: Evaluating...
INFO: Approximated ML: 0.7207|LA: 1.0200|EA: 1.0941
INFO: Eval_train ACCURACY: 0.8354
Eval_train Loss: 0.5286
INFO: Id_val ACCURACY: 0.8417
Id_val Loss: 0.5220
INFO: Id_test ACCURACY: 0.8403
Id_test Loss: 0.5234
INFO: Val ACCURACY: 0.6290
Val Loss: 0.8517
INFO: Test ACCURACY: 0.8283
Test Loss: 0.5133
INFO: Epoch 60:
INFO: Evaluating...
INFO: Approximated ML: 0.7200|LA: 1.0139|EA: 1.0921
INFO: Eval_train ACCURACY: 0.7834
Eval_train Loss: 0.5974
INFO: Id_val ACCURACY: 0.7807
Id_val Loss: 0.6023
INFO: Id_test ACCURACY: 0.7700
Id_test Loss: 0.6056
INFO: Val ACCURACY: 0.9107
Val Loss: 0.4524
INFO: Test ACCURACY: 0.5480
Test Loss: 1.3920
INFO: Epoch 61:
INFO: Evaluating...
INFO: Approximated ML: 0.7282|LA: 1.0564|EA: 1.0850
INFO: Eval_train ACCURACY: 0.8183
Eval_train Loss: 0.5572
INFO: Id_val ACCURACY: 0.8303
Id_val Loss: 0.5525
INFO: Id_test ACCURACY: 0.8237
Id_test Loss: 0.5475
INFO: Val ACCURACY: 0.8683
Val Loss: 0.5237
INFO: Test ACCURACY: 0.8463
Test Loss: 0.4662
INFO: Epoch 62:
INFO: Evaluating...
INFO: Approximated ML: 0.7450|LA: 1.0383|EA: 1.0860
INFO: Eval_train ACCURACY: 0.8382
Eval_train Loss: 0.4993
INFO: Id_val ACCURACY: 0.8417
Id_val Loss: 0.5052
INFO: Id_test ACCURACY: 0.8447
Id_test Loss: 0.4976
INFO: Val ACCURACY: 0.8367
Val Loss: 0.5457
INFO: Test ACCURACY: 0.8257
Test Loss: 0.5125
INFO: Epoch 63:
INFO: Evaluating...
INFO: Approximated ML: 0.7614|LA: 0.9700|EA: 1.0919
INFO: Eval_train ACCURACY: 0.8110
Eval_train Loss: 0.6143
INFO: Id_val ACCURACY: 0.8137
Id_val Loss: 0.6091
INFO: Id_test ACCURACY: 0.8077
Id_test Loss: 0.6236
INFO: Val ACCURACY: 0.8987
Val Loss: 0.5409
INFO: Test ACCURACY: 0.6533
Test Loss: 0.7301
INFO: Epoch 64:
INFO: Evaluating...
INFO: Approximated ML: 0.8153|LA: 0.9781|EA: 1.0949
INFO: Eval_train ACCURACY: 0.8593
Eval_train Loss: 0.5101
INFO: Id_val ACCURACY: 0.8557
Id_val Loss: 0.5125
INFO: Id_test ACCURACY: 0.8537
Id_test Loss: 0.5183
INFO: Val ACCURACY: 0.5160
Val Loss: 1.0511
INFO: Test ACCURACY: 0.8940
Test Loss: 0.4305
INFO: Epoch 65:
INFO: Evaluating...
INFO: Approximated ML: 0.7418|LA: 1.0225|EA: 1.0935
INFO: Eval_train ACCURACY: 0.6951
Eval_train Loss: 0.7413
INFO: Id_val ACCURACY: 0.6953
Id_val Loss: 0.7387
INFO: Id_test ACCURACY: 0.6860
Id_test Loss: 0.7560
INFO: Val ACCURACY: 0.5707
Val Loss: 0.9349
INFO: Test ACCURACY: 0.5847
Test Loss: 1.0092
INFO: Epoch 66:
INFO: Evaluating...
INFO: Approximated ML: 0.7250|LA: 0.9558|EA: 1.0942
INFO: Eval_train ACCURACY: 0.8302
Eval_train Loss: 0.6052
INFO: Id_val ACCURACY: 0.8353
Id_val Loss: 0.5951
INFO: Id_test ACCURACY: 0.8200
Id_test Loss: 0.6140
INFO: Val ACCURACY: 0.7740
Val Loss: 0.7305
INFO: Test ACCURACY: 0.6577
Test Loss: 0.7415
INFO: Epoch 67:
INFO: Evaluating...
INFO: Approximated ML: 0.7229|LA: 1.0257|EA: 1.0939
INFO: Eval_train ACCURACY: 0.8519
Eval_train Loss: 0.5189
INFO: Id_val ACCURACY: 0.8517
Id_val Loss: 0.5183
INFO: Id_test ACCURACY: 0.8570
Id_test Loss: 0.5171
INFO: Val ACCURACY: 0.9207
Val Loss: 0.4357
INFO: Test ACCURACY: 0.8087
Test Loss: 0.5111
INFO: Epoch 68:
INFO: Evaluating...
INFO: Approximated ML: 0.7209|LA: 1.0123|EA: 1.0903
INFO: Eval_train ACCURACY: 0.7311
Eval_train Loss: 0.6536
INFO: Id_val ACCURACY: 0.7293
Id_val Loss: 0.6464
INFO: Id_test ACCURACY: 0.7257
Id_test Loss: 0.6703
INFO: Val ACCURACY: 0.9183
Val Loss: 0.5267
INFO: Test ACCURACY: 0.5447
Test Loss: 1.2021
INFO: Epoch 69:
INFO: Evaluating...
INFO: Approximated ML: 0.7471|LA: 1.0076|EA: 1.0914
INFO: Eval_train ACCURACY: 0.8546
Eval_train Loss: 0.5515
INFO: Id_val ACCURACY: 0.8553
Id_val Loss: 0.5561
INFO: Id_test ACCURACY: 0.8570
Id_test Loss: 0.5538
INFO: Val ACCURACY: 0.9297
Val Loss: 0.4942
INFO: Test ACCURACY: 0.8850
Test Loss: 0.4710
INFO: Epoch 70:
INFO: Evaluating...
INFO: Approximated ML: 0.7272|LA: 1.0265|EA: 1.0882
INFO: Eval_train ACCURACY: 0.8651
Eval_train Loss: 0.5033
INFO: Id_val ACCURACY: 0.8653
Id_val Loss: 0.5072
INFO: Id_test ACCURACY: 0.8667
Id_test Loss: 0.4999
INFO: Val ACCURACY: 0.8960
Val Loss: 0.4919
INFO: Test ACCURACY: 0.8000
Test Loss: 0.5097
INFO: Epoch 71:
INFO: Evaluating...
INFO: Approximated ML: 0.8261|LA: 1.0375|EA: 1.0945
INFO: Eval_train ACCURACY: 0.7265
Eval_train Loss: 0.6841
INFO: Id_val ACCURACY: 0.7347
Id_val Loss: 0.6935
INFO: Id_test ACCURACY: 0.7203
Id_test Loss: 0.6857
INFO: Val ACCURACY: 0.6203
Val Loss: 0.7647
INFO: Test ACCURACY: 0.7777
Test Loss: 0.5794
INFO: Epoch 72:
INFO: Evaluating...
INFO: Approximated ML: 0.7403|LA: 1.0249|EA: 1.0916
INFO: Eval_train ACCURACY: 0.7960
Eval_train Loss: 0.6119
INFO: Id_val ACCURACY: 0.7867
Id_val Loss: 0.6253
INFO: Id_test ACCURACY: 0.7833
Id_test Loss: 0.6339
INFO: Val ACCURACY: 0.8920
Val Loss: 0.5722
INFO: Test ACCURACY: 0.6107
Test Loss: 0.9032
INFO: Epoch 73:
INFO: Evaluating...
INFO: Approximated ML: 0.7496|LA: 0.9834|EA: 1.0910
INFO: Eval_train ACCURACY: 0.6817
Eval_train Loss: 0.7249
INFO: Id_val ACCURACY: 0.6777
Id_val Loss: 0.7277
INFO: Id_test ACCURACY: 0.6587
Id_test Loss: 0.7395
INFO: Val ACCURACY: 0.8163
Val Loss: 0.5729
INFO: Test ACCURACY: 0.6237
Test Loss: 0.7936
INFO: Epoch 74:
INFO: Evaluating...
INFO: Approximated ML: 0.7547|LA: 1.0028|EA: 1.0927
INFO: Eval_train ACCURACY: 0.7900
Eval_train Loss: 0.5657
INFO: Id_val ACCURACY: 0.7890
Id_val Loss: 0.5653
INFO: Id_test ACCURACY: 0.7863
Id_test Loss: 0.5543
INFO: Val ACCURACY: 0.7943
Val Loss: 0.5834
INFO: Test ACCURACY: 0.7103
Test Loss: 0.6773
INFO: Epoch 75:
INFO: Evaluating...
INFO: Approximated ML: 0.7247|LA: 1.0124|EA: 1.0896
INFO: Eval_train ACCURACY: 0.8329
Eval_train Loss: 0.5377
INFO: Id_val ACCURACY: 0.8303
Id_val Loss: 0.5381
INFO: Id_test ACCURACY: 0.8340
Id_test Loss: 0.5365
INFO: Val ACCURACY: 0.8543
Val Loss: 0.4817
INFO: Test ACCURACY: 0.8010
Test Loss: 0.5303
INFO: Epoch 76:
INFO: Evaluating...
INFO: Approximated ML: 0.7668|LA: 1.0328|EA: 1.0936
INFO: Eval_train ACCURACY: 0.8379
Eval_train Loss: 0.5432
INFO: Id_val ACCURACY: 0.8400
Id_val Loss: 0.5461
INFO: Id_test ACCURACY: 0.8300
Id_test Loss: 0.5488
INFO: Val ACCURACY: 0.8653
Val Loss: 0.5736
INFO: Test ACCURACY: 0.8277
Test Loss: 0.4841
INFO: Epoch 77:
INFO: Evaluating...
INFO: Approximated ML: 0.7577|LA: 1.0059|EA: 1.0952
INFO: Eval_train ACCURACY: 0.7806
Eval_train Loss: 0.6692
INFO: Id_val ACCURACY: 0.7697
Id_val Loss: 0.6740
INFO: Id_test ACCURACY: 0.7770
Id_test Loss: 0.6662
INFO: Val ACCURACY: 0.6983
Val Loss: 0.8482
INFO: Test ACCURACY: 0.5983
Test Loss: 1.0604
INFO: Epoch 78:
INFO: Evaluating...
INFO: Approximated ML: 0.7421|LA: 0.9911|EA: 1.0926
INFO: Eval_train ACCURACY: 0.8467
Eval_train Loss: 0.5522
INFO: Id_val ACCURACY: 0.8460
Id_val Loss: 0.5584
INFO: Id_test ACCURACY: 0.8467
Id_test Loss: 0.5558
INFO: Val ACCURACY: 0.8920
Val Loss: 0.5092
INFO: Test ACCURACY: 0.8470
Test Loss: 0.4879
INFO: Epoch 79:
INFO: Evaluating...
INFO: Approximated ML: 0.7028|LA: 1.0620|EA: 1.0855
INFO: Eval_train ACCURACY: 0.6723
Eval_train Loss: 0.7875
INFO: Id_val ACCURACY: 0.6683
Id_val Loss: 0.7808
INFO: Id_test ACCURACY: 0.6737
Id_test Loss: 0.7913
INFO: Val ACCURACY: 0.8193
Val Loss: 0.6940
INFO: Test ACCURACY: 0.5697
Test Loss: 0.9763
INFO: Epoch 80:
INFO: Evaluating...
INFO: Approximated ML: 0.7436|LA: 1.0178|EA: 1.0922
INFO: Eval_train ACCURACY: 0.8123
Eval_train Loss: 0.5939
INFO: Id_val ACCURACY: 0.8090
Id_val Loss: 0.5938
INFO: Id_test ACCURACY: 0.8140
Id_test Loss: 0.5876
INFO: Val ACCURACY: 0.7763
Val Loss: 0.6522
INFO: Test ACCURACY: 0.6127
Test Loss: 0.8806
INFO: Epoch 81:
INFO: Evaluating...
INFO: Approximated ML: 0.7845|LA: 1.0420|EA: 1.0930
INFO: Eval_train ACCURACY: 0.8593
Eval_train Loss: 0.5209
INFO: Id_val ACCURACY: 0.8587
Id_val Loss: 0.5244
INFO: Id_test ACCURACY: 0.8597
Id_test Loss: 0.5246
INFO: Val ACCURACY: 0.8663
Val Loss: 0.4839
INFO: Test ACCURACY: 0.8690
Test Loss: 0.4852
INFO: Epoch 82:
INFO: Evaluating...
INFO: Approximated ML: 0.7927|LA: 1.0200|EA: 1.0949
INFO: Eval_train ACCURACY: 0.7579
Eval_train Loss: 0.6411
INFO: Id_val ACCURACY: 0.7557
Id_val Loss: 0.6477
INFO: Id_test ACCURACY: 0.7483
Id_test Loss: 0.6458
INFO: Val ACCURACY: 0.5920
Val Loss: 0.7640
INFO: Test ACCURACY: 0.6743
Test Loss: 0.7199
INFO: Epoch 83:
INFO: Evaluating...
INFO: Approximated ML: 0.7922|LA: 1.0108|EA: 1.0967
INFO: Eval_train ACCURACY: 0.7953
Eval_train Loss: 0.6182
INFO: Id_val ACCURACY: 0.7877
Id_val Loss: 0.6279
INFO: Id_test ACCURACY: 0.7977
Id_test Loss: 0.6169
INFO: Val ACCURACY: 0.7360
Val Loss: 0.6649
INFO: Test ACCURACY: 0.8327
Test Loss: 0.5222
INFO: Epoch 84:
INFO: Evaluating...
INFO: Approximated ML: 0.7224|LA: 1.0176|EA: 1.0923
INFO: Eval_train ACCURACY: 0.8112
Eval_train Loss: 0.6156
INFO: Id_val ACCURACY: 0.8130
Id_val Loss: 0.6104
INFO: Id_test ACCURACY: 0.8043
Id_test Loss: 0.6222
INFO: Val ACCURACY: 0.7440
Val Loss: 0.6581
INFO: Test ACCURACY: 0.8273
Test Loss: 0.5743
INFO: Epoch 85:
INFO: Evaluating...
INFO: Approximated ML: 0.7804|LA: 0.9979|EA: 1.0934
INFO: Eval_train ACCURACY: 0.8400
Eval_train Loss: 0.5724
INFO: Id_val ACCURACY: 0.8443
Id_val Loss: 0.5715
INFO: Id_test ACCURACY: 0.8403
Id_test Loss: 0.5730
INFO: Val ACCURACY: 0.8647
Val Loss: 0.6284
INFO: Test ACCURACY: 0.6473
Test Loss: 0.7431
INFO: Epoch 86:
INFO: Evaluating...
INFO: Approximated ML: 0.8060|LA: 1.0264|EA: 1.0964
INFO: Eval_train ACCURACY: 0.7651
Eval_train Loss: 0.6520
INFO: Id_val ACCURACY: 0.7580
Id_val Loss: 0.6727
INFO: Id_test ACCURACY: 0.7517
Id_test Loss: 0.6676
INFO: Val ACCURACY: 0.6317
Val Loss: 0.7248
INFO: Test ACCURACY: 0.6863
Test Loss: 0.6498
INFO: Epoch 87:
INFO: Evaluating...
INFO: Approximated ML: 0.8509|LA: 1.0478|EA: 1.0924
INFO: Eval_train ACCURACY: 0.8506
Eval_train Loss: 0.5272
INFO: Id_val ACCURACY: 0.8493
Id_val Loss: 0.5310
INFO: Id_test ACCURACY: 0.8443
Id_test Loss: 0.5257
INFO: Val ACCURACY: 0.5617
Val Loss: 0.9148
INFO: Test ACCURACY: 0.6270
Test Loss: 0.7460
INFO: Epoch 88:
INFO: Evaluating...
INFO: Approximated ML: 0.7719|LA: 1.0297|EA: 1.0903
INFO: Eval_train ACCURACY: 0.8544
Eval_train Loss: 0.5231
INFO: Id_val ACCURACY: 0.8557
Id_val Loss: 0.5241
INFO: Id_test ACCURACY: 0.8520
Id_test Loss: 0.5219
INFO: Val ACCURACY: 0.7987
Val Loss: 0.6186
INFO: Test ACCURACY: 0.8847
Test Loss: 0.4319
INFO: Epoch 89:
INFO: Evaluating...
INFO: Approximated ML: 0.8196|LA: 1.0443|EA: 1.0946
INFO: Eval_train ACCURACY: 0.8429
Eval_train Loss: 0.5549
INFO: Id_val ACCURACY: 0.8500
Id_val Loss: 0.5604
INFO: Id_test ACCURACY: 0.8453
Id_test Loss: 0.5523
INFO: Val ACCURACY: 0.8213
Val Loss: 0.5816
INFO: Test ACCURACY: 0.8880
Test Loss: 0.4187
INFO: Epoch 90:
INFO: Evaluating...
INFO: Approximated ML: 0.8091|LA: 1.0300|EA: 1.0960
INFO: Eval_train ACCURACY: 0.6631
Eval_train Loss: 0.8973
INFO: Id_val ACCURACY: 0.6737
Id_val Loss: 0.8868
INFO: Id_test ACCURACY: 0.6660
Id_test Loss: 0.8900
INFO: Val ACCURACY: 0.7257
Val Loss: 0.7373
INFO: Test ACCURACY: 0.6513
Test Loss: 0.9719
INFO: Epoch 91:
INFO: Evaluating...
INFO: Approximated ML: 0.8219|LA: 1.0481|EA: 1.0953
INFO: Eval_train ACCURACY: 0.8374
Eval_train Loss: 0.5857
INFO: Id_val ACCURACY: 0.8353
Id_val Loss: 0.5929
INFO: Id_test ACCURACY: 0.8320
Id_test Loss: 0.5959
INFO: Val ACCURACY: 0.7993
Val Loss: 0.6386
INFO: Test ACCURACY: 0.9190
Test Loss: 0.4100
INFO: Epoch 92:
INFO: Evaluating...
INFO: Approximated ML: 0.7934|LA: 1.0425|EA: 1.0940
INFO: Eval_train ACCURACY: 0.7896
Eval_train Loss: 0.6234
INFO: Id_val ACCURACY: 0.7840
Id_val Loss: 0.6361
INFO: Id_test ACCURACY: 0.7833
Id_test Loss: 0.6209
INFO: Val ACCURACY: 0.6820
Val Loss: 0.7183
INFO: Test ACCURACY: 0.7937
Test Loss: 0.5652
INFO: Epoch 93:
INFO: Evaluating...
INFO: Approximated ML: 0.7956|LA: 1.0465|EA: 1.0943
INFO: Eval_train ACCURACY: 0.7949
Eval_train Loss: 0.6478
INFO: Id_val ACCURACY: 0.8027
Id_val Loss: 0.6356
INFO: Id_test ACCURACY: 0.7837
Id_test Loss: 0.6598
INFO: Val ACCURACY: 0.8350
Val Loss: 0.6435
INFO: Test ACCURACY: 0.7480
Test Loss: 0.6954
INFO: Epoch 94:
INFO: Evaluating...
INFO: Approximated ML: 0.7666|LA: 1.0371|EA: 1.0942
INFO: Eval_train ACCURACY: 0.8399
Eval_train Loss: 0.5593
INFO: Id_val ACCURACY: 0.8397
Id_val Loss: 0.5670
INFO: Id_test ACCURACY: 0.8347
Id_test Loss: 0.5717
INFO: Val ACCURACY: 0.9040
Val Loss: 0.4764
INFO: Test ACCURACY: 0.8633
Test Loss: 0.5003
INFO: Epoch 95:
INFO: Evaluating...
INFO: Approximated ML: 0.7622|LA: 1.0466|EA: 1.0907
INFO: Eval_train ACCURACY: 0.7796
Eval_train Loss: 0.6287
INFO: Id_val ACCURACY: 0.7817
Id_val Loss: 0.6231
INFO: Id_test ACCURACY: 0.7773
Id_test Loss: 0.6267
INFO: Val ACCURACY: 0.6170
Val Loss: 0.7708
INFO: Test ACCURACY: 0.7993
Test Loss: 0.5874
INFO: Epoch 96:
INFO: Evaluating...
INFO: Approximated ML: 0.7874|LA: 1.0495|EA: 1.0955
INFO: Eval_train ACCURACY: 0.8331
Eval_train Loss: 0.5918
INFO: Id_val ACCURACY: 0.8373
Id_val Loss: 0.5888
INFO: Id_test ACCURACY: 0.8317
Id_test Loss: 0.5911
INFO: Val ACCURACY: 0.8737
Val Loss: 0.5453
INFO: Test ACCURACY: 0.9250
Test Loss: 0.4376
INFO: Epoch 97:
INFO: Evaluating...
INFO: Approximated ML: 0.7676|LA: 1.0544|EA: 1.0939
INFO: Eval_train ACCURACY: 0.6816
Eval_train Loss: 0.7265
INFO: Id_val ACCURACY: 0.6817
Id_val Loss: 0.7272
INFO: Id_test ACCURACY: 0.6853
Id_test Loss: 0.7178
INFO: Val ACCURACY: 0.6260
Val Loss: 0.6818
INFO: Test ACCURACY: 0.8043
Test Loss: 0.5677
INFO: Epoch 98:
INFO: Evaluating...
INFO: Approximated ML: 0.7369|LA: 1.0264|EA: 1.0908
INFO: Eval_train ACCURACY: 0.7336
Eval_train Loss: 0.6548
INFO: Id_val ACCURACY: 0.7383
Id_val Loss: 0.6526
INFO: Id_test ACCURACY: 0.7337
Id_test Loss: 0.6627
INFO: Val ACCURACY: 0.8703
Val Loss: 0.5676
INFO: Test ACCURACY: 0.8867
Test Loss: 0.4413
INFO: Epoch 99:
INFO: Evaluating...
INFO: Approximated ML: 0.7932|LA: 1.0508|EA: 1.0920
INFO: Eval_train ACCURACY: 0.8432
Eval_train Loss: 0.5326
INFO: Id_val ACCURACY: 0.8460
Id_val Loss: 0.5310
INFO: Id_test ACCURACY: 0.8420
Id_test Loss: 0.5424
INFO: Val ACCURACY: 0.8810
Val Loss: 0.5021
INFO: Test ACCURACY: 0.8370
Test Loss: 0.4925
INFO: Epoch 100:
INFO: Evaluating...
INFO: Approximated ML: 0.7333|LA: 1.0380|EA: 1.0894
INFO: Eval_train ACCURACY: 0.8416
Eval_train Loss: 0.5515
INFO: Id_val ACCURACY: 0.8433
Id_val Loss: 0.5505
INFO: Id_test ACCURACY: 0.8467
Id_test Loss: 0.5499
INFO: Val ACCURACY: 0.8223
Val Loss: 0.6208
INFO: Test ACCURACY: 0.7647
Test Loss: 0.6818
WARNING: utils.py - line 52 : Directory does not exists. Have built it automatically.

 : Saved a new best In-Domain checkpoint.
 : Saved a new best checkpoint.
INFO: Epoch 101:
INFO: Evaluating...
INFO: Approximated ML: 0.7827|LA: 1.0405|EA: 1.0938
INFO: Eval_train ACCURACY: 0.8483
Eval_train Loss: 0.5168
INFO: Id_val ACCURACY: 0.8517
Id_val Loss: 0.5213
INFO: Id_test ACCURACY: 0.8397
Id_test Loss: 0.5438
INFO: Val ACCURACY: 0.8660
Val Loss: 0.5299
INFO: Test ACCURACY: 0.8393
Test Loss: 0.5456
 : Saved a new best In-Domain checkpoint.
 : Saved a new best checkpoint.
INFO: Epoch 102:
INFO: Evaluating...
INFO: Approximated ML: 0.7720|LA: 1.0547|EA: 1.0930
INFO: Eval_train ACCURACY: 0.8152
Eval_train Loss: 0.5670
INFO: Id_val ACCURACY: 0.8200
Id_val Loss: 0.5712
INFO: Id_test ACCURACY: 0.8137
Id_test Loss: 0.5741
INFO: Val ACCURACY: 0.8657
Val Loss: 0.5640
INFO: Test ACCURACY: 0.9070
Test Loss: 0.4072
INFO: Epoch 103:
INFO: Evaluating...
INFO: Approximated ML: 0.8002|LA: 1.0404|EA: 1.0941
INFO: Eval_train ACCURACY: 0.8021
Eval_train Loss: 0.5972
INFO: Id_val ACCURACY: 0.7990
Id_val Loss: 0.5930
INFO: Id_test ACCURACY: 0.8057
Id_test Loss: 0.5904
INFO: Val ACCURACY: 0.8707
Val Loss: 0.5254
INFO: Test ACCURACY: 0.9100
Test Loss: 0.3958
 : Saved a new best checkpoint.
INFO: Epoch 104:
INFO: Evaluating...
INFO: Approximated ML: 0.7979|LA: 1.0413|EA: 1.0948
INFO: Eval_train ACCURACY: 0.8384
Eval_train Loss: 0.5525
INFO: Id_val ACCURACY: 0.8387
Id_val Loss: 0.5609
INFO: Id_test ACCURACY: 0.8317
Id_test Loss: 0.5610
INFO: Val ACCURACY: 0.8880
Val Loss: 0.4933
INFO: Test ACCURACY: 0.9077
Test Loss: 0.3959
 : Saved a new best checkpoint.
INFO: Epoch 105:
INFO: Evaluating...
INFO: Approximated ML: 0.7988|LA: 1.0498|EA: 1.0950
INFO: Eval_train ACCURACY: 0.8204
Eval_train Loss: 0.5672
INFO: Id_val ACCURACY: 0.8213
Id_val Loss: 0.5636
INFO: Id_test ACCURACY: 0.8180
Id_test Loss: 0.5840
INFO: Val ACCURACY: 0.8990
Val Loss: 0.4541
INFO: Test ACCURACY: 0.8907
Test Loss: 0.4166
 : Saved a new best checkpoint.
INFO: Epoch 106:
INFO: Evaluating...
INFO: Approximated ML: 0.8054|LA: 1.0430|EA: 1.0962
INFO: Eval_train ACCURACY: 0.8610
Eval_train Loss: 0.4917
INFO: Id_val ACCURACY: 0.8647
Id_val Loss: 0.4960
INFO: Id_test ACCURACY: 0.8540
Id_test Loss: 0.5065
INFO: Val ACCURACY: 0.8677
Val Loss: 0.4935
INFO: Test ACCURACY: 0.7813
Test Loss: 0.5516
 : Saved a new best In-Domain checkpoint.
INFO: Epoch 107:
INFO: Evaluating...
INFO: Approximated ML: 0.7746|LA: 1.0457|EA: 1.0945
INFO: Eval_train ACCURACY: 0.8197
Eval_train Loss: 0.5589
INFO: Id_val ACCURACY: 0.8233
Id_val Loss: 0.5652
INFO: Id_test ACCURACY: 0.8153
Id_test Loss: 0.5708
INFO: Val ACCURACY: 0.8690
Val Loss: 0.5739
INFO: Test ACCURACY: 0.8510
Test Loss: 0.4690
INFO: Epoch 108:
INFO: Evaluating...
INFO: Approximated ML: 0.8037|LA: 1.0321|EA: 1.0944
INFO: Eval_train ACCURACY: 0.8112
Eval_train Loss: 0.5729
INFO: Id_val ACCURACY: 0.8217
Id_val Loss: 0.5644
INFO: Id_test ACCURACY: 0.8140
Id_test Loss: 0.5746
INFO: Val ACCURACY: 0.7897
Val Loss: 0.5468
INFO: Test ACCURACY: 0.8897
Test Loss: 0.4762
INFO: Epoch 109:
INFO: Evaluating...
INFO: Approximated ML: 0.7815|LA: 1.0404|EA: 1.0930
INFO: Eval_train ACCURACY: 0.8301
Eval_train Loss: 0.5437
INFO: Id_val ACCURACY: 0.8270
Id_val Loss: 0.5600
INFO: Id_test ACCURACY: 0.8280
Id_test Loss: 0.5541
INFO: Val ACCURACY: 0.7683
Val Loss: 0.8631
INFO: Test ACCURACY: 0.8200
Test Loss: 0.5405
INFO: Epoch 110:
INFO: Evaluating...
INFO: Approximated ML: 0.7864|LA: 1.0549|EA: 1.0942
INFO: Eval_train ACCURACY: 0.8305
Eval_train Loss: 0.5487
INFO: Id_val ACCURACY: 0.8390
Id_val Loss: 0.5477
INFO: Id_test ACCURACY: 0.8320
Id_test Loss: 0.5548
INFO: Val ACCURACY: 0.8833
Val Loss: 0.5201
INFO: Test ACCURACY: 0.7960
Test Loss: 0.5459
INFO: Epoch 111:
INFO: Evaluating...
INFO: Approximated ML: 0.7344|LA: 1.0599|EA: 1.0929
INFO: Eval_train ACCURACY: 0.8223
Eval_train Loss: 0.5956
INFO: Id_val ACCURACY: 0.8197
Id_val Loss: 0.6009
INFO: Id_test ACCURACY: 0.8283
Id_test Loss: 0.5917
INFO: Val ACCURACY: 0.8677
Val Loss: 0.5477
INFO: Test ACCURACY: 0.8587
Test Loss: 0.4436
INFO: Epoch 112:
INFO: Evaluating...
INFO: Approximated ML: 0.9355|LA: 1.0269|EA: 1.0974
INFO: Eval_train ACCURACY: 0.8151
Eval_train Loss: 0.6024
INFO: Id_val ACCURACY: 0.8240
Id_val Loss: 0.5942
INFO: Id_test ACCURACY: 0.8037
Id_test Loss: 0.6168
INFO: Val ACCURACY: 0.8720
Val Loss: 0.5672
INFO: Test ACCURACY: 0.9080
Test Loss: 0.5176
INFO: Epoch 113:
INFO: Evaluating...
INFO: Approximated ML: 0.7062|LA: 1.0717|EA: 1.0974
INFO: Eval_train ACCURACY: 0.8649
Eval_train Loss: 0.4688
INFO: Id_val ACCURACY: 0.8657
Id_val Loss: 0.4802
INFO: Id_test ACCURACY: 0.8653
Id_test Loss: 0.4690
INFO: Val ACCURACY: 0.8683
Val Loss: 0.5244
INFO: Test ACCURACY: 0.5247
Test Loss: 0.8922
 : Saved a new best In-Domain checkpoint.
INFO: Epoch 114:
INFO: Evaluating...
INFO: Approximated ML: 0.6383|LA: 1.0659|EA: 1.0956
INFO: Eval_train ACCURACY: 0.8771
Eval_train Loss: 0.4564
INFO: Id_val ACCURACY: 0.8783
Id_val Loss: 0.4689
INFO: Id_test ACCURACY: 0.8733
Id_test Loss: 0.4619
INFO: Val ACCURACY: 0.8683
Val Loss: 0.4928
INFO: Test ACCURACY: 0.7830
Test Loss: 0.5548
 : Saved a new best In-Domain checkpoint.
INFO: Epoch 115:
INFO: Evaluating...
INFO: Approximated ML: 0.6331|LA: 1.0443|EA: 1.0964
INFO: Eval_train ACCURACY: 0.8638
Eval_train Loss: 0.4772
INFO: Id_val ACCURACY: 0.8617
Id_val Loss: 0.4797
INFO: Id_test ACCURACY: 0.8663
Id_test Loss: 0.4758
INFO: Val ACCURACY: 0.8687
Val Loss: 0.4860
INFO: Test ACCURACY: 0.6127
Test Loss: 0.7724
INFO: Epoch 116:
INFO: Evaluating...
INFO: Approximated ML: 0.6406|LA: 1.0178|EA: 1.0959
INFO: Eval_train ACCURACY: 0.8858
Eval_train Loss: 0.4486
INFO: Id_val ACCURACY: 0.8857
Id_val Loss: 0.4572
INFO: Id_test ACCURACY: 0.8807
Id_test Loss: 0.4602
INFO: Val ACCURACY: 0.8683
Val Loss: 0.4565
INFO: Test ACCURACY: 0.7547
Test Loss: 0.6074
 : Saved a new best In-Domain checkpoint.
INFO: Epoch 117:
INFO: Evaluating...
INFO: Approximated ML: 0.6433|LA: 1.0320|EA: 1.0952
INFO: Eval_train ACCURACY: 0.8893
Eval_train Loss: 0.4431
INFO: Id_val ACCURACY: 0.8887
Id_val Loss: 0.4564
INFO: Id_test ACCURACY: 0.8837
Id_test Loss: 0.4561
INFO: Val ACCURACY: 0.8773
Val Loss: 0.4619
INFO: Test ACCURACY: 0.7780
Test Loss: 0.5578
 : Saved a new best In-Domain checkpoint.
INFO: Epoch 118:
INFO: Evaluating...
INFO: Approximated ML: 0.6514|LA: 1.0404|EA: 1.0942
INFO: Eval_train ACCURACY: 0.8705
Eval_train Loss: 0.4611
INFO: Id_val ACCURACY: 0.8670
Id_val Loss: 0.4655
INFO: Id_test ACCURACY: 0.8677
Id_test Loss: 0.4679
INFO: Val ACCURACY: 0.8797
Val Loss: 0.4560
INFO: Test ACCURACY: 0.6910
Test Loss: 0.6777
INFO: Epoch 119:
INFO: Evaluating...
INFO: Approximated ML: 0.6346|LA: 1.0545|EA: 1.0949
INFO: Eval_train ACCURACY: 0.8595
Eval_train Loss: 0.4867
INFO: Id_val ACCURACY: 0.8610
Id_val Loss: 0.4831
INFO: Id_test ACCURACY: 0.8517
Id_test Loss: 0.4998
INFO: Val ACCURACY: 0.8807
Val Loss: 0.4474
INFO: Test ACCURACY: 0.8167
Test Loss: 0.5264
INFO: Epoch 120:
INFO: Evaluating...
INFO: Approximated ML: 0.6639|LA: 1.0256|EA: 1.0968
INFO: Eval_train ACCURACY: 0.8519
Eval_train Loss: 0.5108
INFO: Id_val ACCURACY: 0.8507
Id_val Loss: 0.5108
INFO: Id_test ACCURACY: 0.8507
Id_test Loss: 0.5088
INFO: Val ACCURACY: 0.8893
Val Loss: 0.4581
INFO: Test ACCURACY: 0.8543
Test Loss: 0.4540
INFO: Epoch 121:
INFO: Evaluating...
INFO: Approximated ML: 0.6562|LA: 1.0544|EA: 1.0927
INFO: Eval_train ACCURACY: 0.8567
Eval_train Loss: 0.4819
INFO: Id_val ACCURACY: 0.8657
Id_val Loss: 0.4796
INFO: Id_test ACCURACY: 0.8457
Id_test Loss: 0.5004
INFO: Val ACCURACY: 0.8777
Val Loss: 0.4549
INFO: Test ACCURACY: 0.8353
Test Loss: 0.4945
INFO: Epoch 122:
INFO: Evaluating...
INFO: Approximated ML: 0.7136|LA: 1.0296|EA: 1.0954
INFO: Eval_train ACCURACY: 0.8427
Eval_train Loss: 0.5141
INFO: Id_val ACCURACY: 0.8493
Id_val Loss: 0.5040
INFO: Id_test ACCURACY: 0.8387
Id_test Loss: 0.5201
INFO: Val ACCURACY: 0.8717
Val Loss: 0.5004
INFO: Test ACCURACY: 0.8943
Test Loss: 0.4360
INFO: Epoch 123:
INFO: Evaluating...
INFO: Approximated ML: 0.6686|LA: 1.0382|EA: 1.0946
INFO: Eval_train ACCURACY: 0.8445
Eval_train Loss: 0.4961
INFO: Id_val ACCURACY: 0.8500
Id_val Loss: 0.5039
INFO: Id_test ACCURACY: 0.8303
Id_test Loss: 0.5055
INFO: Val ACCURACY: 0.8860
Val Loss: 0.4412
INFO: Test ACCURACY: 0.7557
Test Loss: 0.6444
INFO: Epoch 124:
INFO: Evaluating...
INFO: Approximated ML: 0.7024|LA: 1.0345|EA: 1.0961
INFO: Eval_train ACCURACY: 0.8216
Eval_train Loss: 0.5635
INFO: Id_val ACCURACY: 0.8263
Id_val Loss: 0.5584
INFO: Id_test ACCURACY: 0.8170
Id_test Loss: 0.5688
INFO: Val ACCURACY: 0.8713
Val Loss: 0.5896
INFO: Test ACCURACY: 0.8373
Test Loss: 0.4921
INFO: Epoch 125:
INFO: Evaluating...
INFO: Approximated ML: 0.7223|LA: 1.0368|EA: 1.0957
INFO: Eval_train ACCURACY: 0.8575
Eval_train Loss: 0.4969
INFO: Id_val ACCURACY: 0.8593
Id_val Loss: 0.4944
INFO: Id_test ACCURACY: 0.8480
Id_test Loss: 0.5046
INFO: Val ACCURACY: 0.8670
Val Loss: 0.5650
INFO: Test ACCURACY: 0.8517
Test Loss: 0.4833
INFO: Epoch 126:
INFO: Evaluating...
INFO: Approximated ML: 0.6755|LA: 1.0387|EA: 1.0942
INFO: Eval_train ACCURACY: 0.8574
Eval_train Loss: 0.5073
INFO: Id_val ACCURACY: 0.8590
Id_val Loss: 0.5003
INFO: Id_test ACCURACY: 0.8477
Id_test Loss: 0.5164
INFO: Val ACCURACY: 0.8680
Val Loss: 0.4943
INFO: Test ACCURACY: 0.7933
Test Loss: 0.5358
INFO: Epoch 127:
INFO: Evaluating...
INFO: Approximated ML: 0.7074|LA: 1.0377|EA: 1.0938
INFO: Eval_train ACCURACY: 0.8502
Eval_train Loss: 0.5212
INFO: Id_val ACCURACY: 0.8633
Id_val Loss: 0.5031
INFO: Id_test ACCURACY: 0.8463
Id_test Loss: 0.5276
INFO: Val ACCURACY: 0.8303
Val Loss: 0.4946
INFO: Test ACCURACY: 0.8697
Test Loss: 0.4583
INFO: Epoch 128:
INFO: Evaluating...
INFO: Approximated ML: 0.6713|LA: 1.0265|EA: 1.0927
INFO: Eval_train ACCURACY: 0.8504
Eval_train Loss: 0.5119
INFO: Id_val ACCURACY: 0.8590
Id_val Loss: 0.4993
INFO: Id_test ACCURACY: 0.8470
Id_test Loss: 0.5223
INFO: Val ACCURACY: 0.8737
Val Loss: 0.5232
INFO: Test ACCURACY: 0.8140
Test Loss: 0.5454
INFO: Epoch 129:
INFO: Evaluating...
INFO: Approximated ML: 0.7067|LA: 1.0413|EA: 1.0955
INFO: Eval_train ACCURACY: 0.8584
Eval_train Loss: 0.4827
INFO: Id_val ACCURACY: 0.8697
Id_val Loss: 0.4721
INFO: Id_test ACCURACY: 0.8570
Id_test Loss: 0.4929
INFO: Val ACCURACY: 0.8147
Val Loss: 0.5807
INFO: Test ACCURACY: 0.7470
Test Loss: 0.5892
INFO: Epoch 130:
INFO: Evaluating...
INFO: Approximated ML: 0.6930|LA: 1.0598|EA: 1.0933
INFO: Eval_train ACCURACY: 0.8611
Eval_train Loss: 0.4948
INFO: Id_val ACCURACY: 0.8653
Id_val Loss: 0.4907
INFO: Id_test ACCURACY: 0.8567
Id_test Loss: 0.5013
INFO: Val ACCURACY: 0.8677
Val Loss: 0.5492
INFO: Test ACCURACY: 0.7350
Test Loss: 0.6016
INFO: Epoch 131:
INFO: Evaluating...
INFO: Approximated ML: 0.6960|LA: 1.0429|EA: 1.0919
INFO: Eval_train ACCURACY: 0.8428
Eval_train Loss: 0.5007
INFO: Id_val ACCURACY: 0.8473
Id_val Loss: 0.4927
INFO: Id_test ACCURACY: 0.8367
Id_test Loss: 0.5213
INFO: Val ACCURACY: 0.6760
Val Loss: 0.6885
INFO: Test ACCURACY: 0.8753
Test Loss: 0.4322
INFO: Epoch 132:
INFO: Evaluating...
INFO: Approximated ML: 0.6900|LA: 1.0363|EA: 1.0932
INFO: Eval_train ACCURACY: 0.8360
Eval_train Loss: 0.5200
INFO: Id_val ACCURACY: 0.8420
Id_val Loss: 0.5173
INFO: Id_test ACCURACY: 0.8303
Id_test Loss: 0.5244
INFO: Val ACCURACY: 0.8630
Val Loss: 0.6865
INFO: Test ACCURACY: 0.6667
Test Loss: 0.7609
INFO: Epoch 133:
INFO: Evaluating...
INFO: Approximated ML: 0.6684|LA: 1.0477|EA: 1.0892
INFO: Eval_train ACCURACY: 0.8377
Eval_train Loss: 0.5385
INFO: Id_val ACCURACY: 0.8397
Id_val Loss: 0.5370
INFO: Id_test ACCURACY: 0.8323
Id_test Loss: 0.5461
INFO: Val ACCURACY: 0.8640
Val Loss: 0.4854
INFO: Test ACCURACY: 0.7107
Test Loss: 0.6611
INFO: Epoch 134:
INFO: Evaluating...
INFO: Approximated ML: 0.7104|LA: 1.0376|EA: 1.0916
INFO: Eval_train ACCURACY: 0.7517
Eval_train Loss: 0.7023
INFO: Id_val ACCURACY: 0.7487
Id_val Loss: 0.7187
INFO: Id_test ACCURACY: 0.7560
Id_test Loss: 0.6912
INFO: Val ACCURACY: 0.7963
Val Loss: 0.6025
INFO: Test ACCURACY: 0.7100
Test Loss: 0.6269
INFO: Epoch 135:
INFO: Evaluating...
INFO: Approximated ML: 0.7371|LA: 1.0420|EA: 1.0935
INFO: Eval_train ACCURACY: 0.8176
Eval_train Loss: 0.5509
INFO: Id_val ACCURACY: 0.8187
Id_val Loss: 0.5587
INFO: Id_test ACCURACY: 0.8183
Id_test Loss: 0.5486
INFO: Val ACCURACY: 0.6940
Val Loss: 0.7711
INFO: Test ACCURACY: 0.5897
Test Loss: 0.8606
INFO: Epoch 136:
INFO: Evaluating...
INFO: Approximated ML: 0.7135|LA: 1.0315|EA: 1.0910
INFO: Eval_train ACCURACY: 0.8477
Eval_train Loss: 0.5333
INFO: Id_val ACCURACY: 0.8447
Id_val Loss: 0.5406
INFO: Id_test ACCURACY: 0.8470
Id_test Loss: 0.5362
INFO: Val ACCURACY: 0.8913
Val Loss: 0.4389
INFO: Test ACCURACY: 0.8017
Test Loss: 0.5823
INFO: Epoch 137:
INFO: Evaluating...
INFO: Approximated ML: 0.7493|LA: 1.0569|EA: 1.0939
INFO: Eval_train ACCURACY: 0.8361
Eval_train Loss: 0.5559
INFO: Id_val ACCURACY: 0.8360
Id_val Loss: 0.5604
INFO: Id_test ACCURACY: 0.8397
Id_test Loss: 0.5561
INFO: Val ACCURACY: 0.8743
Val Loss: 0.5521
INFO: Test ACCURACY: 0.8950
Test Loss: 0.4225
INFO: Epoch 138:
INFO: Evaluating...
INFO: Approximated ML: 0.7517|LA: 1.0441|EA: 1.0959
INFO: Eval_train ACCURACY: 0.8034
Eval_train Loss: 0.5841
INFO: Id_val ACCURACY: 0.8080
Id_val Loss: 0.5852
INFO: Id_test ACCURACY: 0.8057
Id_test Loss: 0.5805
INFO: Val ACCURACY: 0.8957
Val Loss: 0.4793
INFO: Test ACCURACY: 0.8787
Test Loss: 0.4624
INFO: Epoch 139:
INFO: Evaluating...
INFO: Approximated ML: 0.7638|LA: 1.0423|EA: 1.0946
INFO: Eval_train ACCURACY: 0.8133
Eval_train Loss: 0.5751
INFO: Id_val ACCURACY: 0.8163
Id_val Loss: 0.5787
INFO: Id_test ACCURACY: 0.8167
Id_test Loss: 0.5882
INFO: Val ACCURACY: 0.5043
Val Loss: 0.9365
INFO: Test ACCURACY: 0.8957
Test Loss: 0.4612
INFO: Epoch 140:
INFO: Evaluating...
INFO: Approximated ML: 0.7800|LA: 1.0506|EA: 1.0965
INFO: Eval_train ACCURACY: 0.8022
Eval_train Loss: 0.6117
INFO: Id_val ACCURACY: 0.8007
Id_val Loss: 0.6072
INFO: Id_test ACCURACY: 0.8027
Id_test Loss: 0.6028
INFO: Val ACCURACY: 0.9083
Val Loss: 0.4395
INFO: Test ACCURACY: 0.8960
Test Loss: 0.4299
 12:05:55 AM : Saved a new best checkpoint.
INFO: Epoch 141:
INFO: Evaluating...
INFO: Approximated ML: 0.7643|LA: 1.0553|EA: 1.0945
INFO: Eval_train ACCURACY: 0.8025
Eval_train Loss: 0.5548
INFO: Id_val ACCURACY: 0.8093
Id_val Loss: 0.5519
INFO: Id_test ACCURACY: 0.7990
Id_test Loss: 0.5679
INFO: Val ACCURACY: 0.6380
Val Loss: 0.6414
INFO: Test ACCURACY: 0.8883
Test Loss: 0.4210
INFO: Epoch 142:
INFO: Evaluating...
INFO: Approximated ML: 0.6921|LA: 1.0242|EA: 1.0926
INFO: Eval_train ACCURACY: 0.8205
Eval_train Loss: 0.5601
INFO: Id_val ACCURACY: 0.8267
Id_val Loss: 0.5595
INFO: Id_test ACCURACY: 0.8180
Id_test Loss: 0.5624
INFO: Val ACCURACY: 0.8853
Val Loss: 0.4418
INFO: Test ACCURACY: 0.8243
Test Loss: 0.5018
INFO: Epoch 143:
INFO: Evaluating...
INFO: Approximated ML: 0.7686|LA: 1.0310|EA: 1.0945
INFO: Eval_train ACCURACY: 0.8399
Eval_train Loss: 0.5218
INFO: Id_val ACCURACY: 0.8383
Id_val Loss: 0.5165
INFO: Id_test ACCURACY: 0.8433
Id_test Loss: 0.5242
INFO: Val ACCURACY: 0.8833
Val Loss: 0.4561
INFO: Test ACCURACY: 0.6793
Test Loss: 0.7240
INFO: Epoch 144:
INFO: Evaluating...
INFO: Approximated ML: 0.7246|LA: 1.0360|EA: 1.0942
INFO: Eval_train ACCURACY: 0.7983
Eval_train Loss: 0.5799
INFO: Id_val ACCURACY: 0.8007
Id_val Loss: 0.5844
INFO: Id_test ACCURACY: 0.7997
Id_test Loss: 0.5808
INFO: Val ACCURACY: 0.8790
Val Loss: 0.4696
INFO: Test ACCURACY: 0.5770
Test Loss: 0.9005
INFO: Epoch 145:
INFO: Evaluating...
INFO: Approximated ML: 0.7123|LA: 1.0553|EA: 1.0896
INFO: Eval_train ACCURACY: 0.8096
Eval_train Loss: 0.5740
INFO: Id_val ACCURACY: 0.8113
Id_val Loss: 0.5793
INFO: Id_test ACCURACY: 0.8153
Id_test Loss: 0.5648
INFO: Val ACCURACY: 0.8753
Val Loss: 0.4862
INFO: Test ACCURACY: 0.7980
Test Loss: 0.5530
INFO: Epoch 146:
INFO: Evaluating...
INFO: Approximated ML: 0.7718|LA: 1.0360|EA: 1.0932
INFO: Eval_train ACCURACY: 0.8221
Eval_train Loss: 0.5418
INFO: Id_val ACCURACY: 0.8280
Id_val Loss: 0.5461
INFO: Id_test ACCURACY: 0.8237
Id_test Loss: 0.5369
INFO: Val ACCURACY: 0.8700
Val Loss: 0.4597
INFO: Test ACCURACY: 0.9173
Test Loss: 0.3679
INFO: Epoch 147:
INFO: Evaluating...
INFO: Approximated ML: 0.7678|LA: 1.0188|EA: 1.0939
INFO: Eval_train ACCURACY: 0.8059
Eval_train Loss: 0.6012
INFO: Id_val ACCURACY: 0.8113
Id_val Loss: 0.6005
INFO: Id_test ACCURACY: 0.8020
Id_test Loss: 0.6000
INFO: Val ACCURACY: 0.8963
Val Loss: 0.4747
INFO: Test ACCURACY: 0.9160
Test Loss: 0.3950
INFO: Epoch 148:
INFO: Evaluating...
INFO: Approximated ML: 0.7722|LA: 1.0104|EA: 1.0958
INFO: Eval_train ACCURACY: 0.8092
Eval_train Loss: 0.5745
INFO: Id_val ACCURACY: 0.8127
Id_val Loss: 0.5738
INFO: Id_test ACCURACY: 0.8123
Id_test Loss: 0.5605
INFO: Val ACCURACY: 0.8917
Val Loss: 0.4589
INFO: Test ACCURACY: 0.8750
Test Loss: 0.4692
INFO: Epoch 149:
INFO: Evaluating...
INFO: Approximated ML: 0.6796|LA: 1.0657|EA: 1.0970
INFO: Eval_train ACCURACY: 0.8471
Eval_train Loss: 0.5408
INFO: Id_val ACCURACY: 0.8487
Id_val Loss: 0.5419
INFO: Id_test ACCURACY: 0.8497
Id_test Loss: 0.5332
INFO: Val ACCURACY: 0.8737
Val Loss: 0.5335
INFO: Test ACCURACY: 0.7337
Test Loss: 0.6163
INFO: Epoch 150:
INFO: Evaluating...
INFO: Approximated ML: 0.6346|LA: 1.0573|EA: 1.0976
INFO: Eval_train ACCURACY: 0.8509
Eval_train Loss: 0.5273
INFO: Id_val ACCURACY: 0.8530
Id_val Loss: 0.5277
INFO: Id_test ACCURACY: 0.8480
Id_test Loss: 0.5256
INFO: Val ACCURACY: 0.8793
Val Loss: 0.5121
INFO: Test ACCURACY: 0.7100
Test Loss: 0.6514
INFO: Epoch 151:
INFO: Evaluating...
INFO: Approximated ML: 0.6205|LA: 1.0522|EA: 1.0962
INFO: Eval_train ACCURACY: 0.8602
Eval_train Loss: 0.5064
INFO: Id_val ACCURACY: 0.8597
Id_val Loss: 0.5075
INFO: Id_test ACCURACY: 0.8600
Id_test Loss: 0.5036
INFO: Val ACCURACY: 0.8837
Val Loss: 0.4684
INFO: Test ACCURACY: 0.6843
Test Loss: 0.6650
INFO: Epoch 152:
INFO: Evaluating...
INFO: Approximated ML: 0.6154|LA: 1.0497|EA: 1.0934
INFO: Eval_train ACCURACY: 0.8625
Eval_train Loss: 0.5135
INFO: Id_val ACCURACY: 0.8613
Id_val Loss: 0.5208
INFO: Id_test ACCURACY: 0.8600
Id_test Loss: 0.5083
INFO: Val ACCURACY: 0.8780
Val Loss: 0.4955
INFO: Test ACCURACY: 0.7243
Test Loss: 0.6488
INFO: Epoch 153:
INFO: Evaluating...
INFO: Approximated ML: 0.6181|LA: 1.0544|EA: 1.0949
INFO: Eval_train ACCURACY: 0.8501
Eval_train Loss: 0.5160
INFO: Id_val ACCURACY: 0.8520
Id_val Loss: 0.5226
INFO: Id_test ACCURACY: 0.8480
Id_test Loss: 0.5194
INFO: Val ACCURACY: 0.8720
Val Loss: 0.4973
INFO: Test ACCURACY: 0.6163
Test Loss: 0.8081
INFO: Epoch 154:
INFO: Evaluating...
INFO: Approximated ML: 0.6183|LA: 1.0389|EA: 1.0946
INFO: Eval_train ACCURACY: 0.8507
Eval_train Loss: 0.5129
INFO: Id_val ACCURACY: 0.8500
Id_val Loss: 0.5140
INFO: Id_test ACCURACY: 0.8513
Id_test Loss: 0.5087
INFO: Val ACCURACY: 0.8730
Val Loss: 0.4949
INFO: Test ACCURACY: 0.6537
Test Loss: 0.7840
INFO: Epoch 155:
INFO: Evaluating...
INFO: Approximated ML: 0.6120|LA: 1.0316|EA: 1.0933
INFO: Eval_train ACCURACY: 0.8534
Eval_train Loss: 0.4980
INFO: Id_val ACCURACY: 0.8633
Id_val Loss: 0.4868
INFO: Id_test ACCURACY: 0.8473
Id_test Loss: 0.4938
INFO: Val ACCURACY: 0.8733
Val Loss: 0.4286
INFO: Test ACCURACY: 0.6217
Test Loss: 0.8855
INFO: Epoch 156:
INFO: Evaluating...
INFO: Approximated ML: 0.6141|LA: 1.0217|EA: 1.0936
INFO: Eval_train ACCURACY: 0.8642
Eval_train Loss: 0.4777
INFO: Id_val ACCURACY: 0.8707
Id_val Loss: 0.4653
INFO: Id_test ACCURACY: 0.8690
Id_test Loss: 0.4755
INFO: Val ACCURACY: 0.8773
Val Loss: 0.4355
INFO: Test ACCURACY: 0.6860
Test Loss: 0.7402
INFO: Epoch 157:
INFO: Evaluating...
INFO: Approximated ML: 0.6218|LA: 1.0214|EA: 1.0936
INFO: Eval_train ACCURACY: 0.8572
Eval_train Loss: 0.4878
INFO: Id_val ACCURACY: 0.8613
Id_val Loss: 0.4784
INFO: Id_test ACCURACY: 0.8560
Id_test Loss: 0.4852
INFO: Val ACCURACY: 0.8740
Val Loss: 0.4411
INFO: Test ACCURACY: 0.6403
Test Loss: 0.8342
INFO: Epoch 158:
INFO: Evaluating...
INFO: Approximated ML: 0.6261|LA: 1.0136|EA: 1.0944
INFO: Eval_train ACCURACY: 0.8703
Eval_train Loss: 0.4744
INFO: Id_val ACCURACY: 0.8693
Id_val Loss: 0.4703
INFO: Id_test ACCURACY: 0.8760
Id_test Loss: 0.4689
INFO: Val ACCURACY: 0.8847
Val Loss: 0.4246
INFO: Test ACCURACY: 0.6623
Test Loss: 0.7612
INFO: Epoch 159:
INFO: Evaluating...
INFO: Approximated ML: 0.6243|LA: 1.0078|EA: 1.0935
INFO: Eval_train ACCURACY: 0.8661
Eval_train Loss: 0.4896
INFO: Id_val ACCURACY: 0.8627
Id_val Loss: 0.4880
INFO: Id_test ACCURACY: 0.8647
Id_test Loss: 0.4924
INFO: Val ACCURACY: 0.8817
Val Loss: 0.4280
INFO: Test ACCURACY: 0.6087
Test Loss: 0.8491
INFO: Epoch 160:
INFO: Evaluating...
INFO: Approximated ML: 0.6393|LA: 1.0200|EA: 1.0941
INFO: Eval_train ACCURACY: 0.8613
Eval_train Loss: 0.4926
INFO: Id_val ACCURACY: 0.8657
Id_val Loss: 0.4827
INFO: Id_test ACCURACY: 0.8607
Id_test Loss: 0.4865
INFO: Val ACCURACY: 0.8767
Val Loss: 0.4371
INFO: Test ACCURACY: 0.6040
Test Loss: 0.8612
INFO: Epoch 161:
INFO: Evaluating...
INFO: Approximated ML: 0.6269|LA: 1.0289|EA: 1.0927
INFO: Eval_train ACCURACY: 0.8513
Eval_train Loss: 0.5165
INFO: Id_val ACCURACY: 0.8513
Id_val Loss: 0.5120
INFO: Id_test ACCURACY: 0.8517
Id_test Loss: 0.5112
INFO: Val ACCURACY: 0.8737
Val Loss: 0.4512
INFO: Test ACCURACY: 0.6463
Test Loss: 0.7785
INFO: Epoch 162:
INFO: Evaluating...
INFO: Approximated ML: 0.6420|LA: 1.0266|EA: 1.0939
INFO: Eval_train ACCURACY: 0.8339
Eval_train Loss: 0.5346
INFO: Id_val ACCURACY: 0.8343
Id_val Loss: 0.5307
INFO: Id_test ACCURACY: 0.8280
Id_test Loss: 0.5360
INFO: Val ACCURACY: 0.8720
Val Loss: 0.4472
INFO: Test ACCURACY: 0.6677
Test Loss: 0.7357
INFO: Epoch 163:
INFO: Evaluating...
INFO: Approximated ML: 0.6524|LA: 1.0348|EA: 1.0933
INFO: Eval_train ACCURACY: 0.8286
Eval_train Loss: 0.5381
INFO: Id_val ACCURACY: 0.8353
Id_val Loss: 0.5348
INFO: Id_test ACCURACY: 0.8253
Id_test Loss: 0.5413
INFO: Val ACCURACY: 0.8727
Val Loss: 0.5052
INFO: Test ACCURACY: 0.6763
Test Loss: 0.7560
INFO: Epoch 164:
INFO: Evaluating...
INFO: Approximated ML: 0.6527|LA: 1.0429|EA: 1.0931
INFO: Eval_train ACCURACY: 0.8214
Eval_train Loss: 0.5423
INFO: Id_val ACCURACY: 0.8260
Id_val Loss: 0.5406
INFO: Id_test ACCURACY: 0.8190
Id_test Loss: 0.5421
INFO: Val ACCURACY: 0.8727
Val Loss: 0.5349
INFO: Test ACCURACY: 0.6543
Test Loss: 0.7632
INFO: Epoch 165:
INFO: Evaluating...
INFO: Approximated ML: 0.6574|LA: 1.0506|EA: 1.0928
INFO: Eval_train ACCURACY: 0.8227
Eval_train Loss: 0.5516
INFO: Id_val ACCURACY: 0.8193
Id_val Loss: 0.5532
INFO: Id_test ACCURACY: 0.8300
Id_test Loss: 0.5392
INFO: Val ACCURACY: 0.8753
Val Loss: 0.5484
INFO: Test ACCURACY: 0.6947
Test Loss: 0.6947
INFO: Epoch 166:
INFO: Evaluating...
INFO: Approximated ML: 0.6561|LA: 1.0565|EA: 1.0927
INFO: Eval_train ACCURACY: 0.8092
Eval_train Loss: 0.5701
INFO: Id_val ACCURACY: 0.8093
Id_val Loss: 0.5786
INFO: Id_test ACCURACY: 0.8113
Id_test Loss: 0.5616
INFO: Val ACCURACY: 0.8713
Val Loss: 0.5164
INFO: Test ACCURACY: 0.7397
Test Loss: 0.6172
INFO: Epoch 167:
INFO: Evaluating...
INFO: Approximated ML: 0.6570|LA: 1.0588|EA: 1.0925
INFO: Eval_train ACCURACY: 0.8158
Eval_train Loss: 0.5553
INFO: Id_val ACCURACY: 0.8147
Id_val Loss: 0.5634
INFO: Id_test ACCURACY: 0.8177
Id_test Loss: 0.5482
INFO: Val ACCURACY: 0.8723
Val Loss: 0.5087
INFO: Test ACCURACY: 0.6923
Test Loss: 0.6660
INFO: Epoch 168:
INFO: Evaluating...
INFO: Approximated ML: 0.6569|LA: 1.0570|EA: 1.0924
INFO: Eval_train ACCURACY: 0.8184
Eval_train Loss: 0.5576
INFO: Id_val ACCURACY: 0.8207
Id_val Loss: 0.5576
INFO: Id_test ACCURACY: 0.8173
Id_test Loss: 0.5503
INFO: Val ACCURACY: 0.8743
Val Loss: 0.5277
INFO: Test ACCURACY: 0.6867
Test Loss: 0.6693
INFO: Epoch 169:
INFO: Evaluating...
INFO: Approximated ML: 0.6608|LA: 1.0529|EA: 1.0932
INFO: Eval_train ACCURACY: 0.8323
Eval_train Loss: 0.5415
INFO: Id_val ACCURACY: 0.8353
Id_val Loss: 0.5442
INFO: Id_test ACCURACY: 0.8247
Id_test Loss: 0.5431
INFO: Val ACCURACY: 0.8797
Val Loss: 0.5139
INFO: Test ACCURACY: 0.7080
Test Loss: 0.6479
INFO: Epoch 170:
INFO: Evaluating...
INFO: Approximated ML: 0.6603|LA: 1.0575|EA: 1.0920
INFO: Eval_train ACCURACY: 0.8302
Eval_train Loss: 0.5429
INFO: Id_val ACCURACY: 0.8373
Id_val Loss: 0.5442
INFO: Id_test ACCURACY: 0.8297
Id_test Loss: 0.5344
INFO: Val ACCURACY: 0.8743
Val Loss: 0.4914
INFO: Test ACCURACY: 0.7360
Test Loss: 0.6043
INFO: Epoch 171:
INFO: Evaluating...
INFO: Approximated ML: 0.6599|LA: 1.0546|EA: 1.0926
INFO: Eval_train ACCURACY: 0.8334
Eval_train Loss: 0.5302
INFO: Id_val ACCURACY: 0.8397
Id_val Loss: 0.5320
INFO: Id_test ACCURACY: 0.8337
Id_test Loss: 0.5293
INFO: Val ACCURACY: 0.8787
Val Loss: 0.4940
INFO: Test ACCURACY: 0.8093
Test Loss: 0.5313
INFO: Epoch 172:
INFO: Evaluating...
INFO: Approximated ML: 0.6539|LA: 1.0508|EA: 1.0919
INFO: Eval_train ACCURACY: 0.8421
Eval_train Loss: 0.5252
INFO: Id_val ACCURACY: 0.8423
Id_val Loss: 0.5286
INFO: Id_test ACCURACY: 0.8403
Id_test Loss: 0.5312
INFO: Val ACCURACY: 0.8787
Val Loss: 0.5249
INFO: Test ACCURACY: 0.8090
Test Loss: 0.5317
INFO: Epoch 173:
INFO: Evaluating...
INFO: Approximated ML: 0.6467|LA: 1.0529|EA: 1.0915
INFO: Eval_train ACCURACY: 0.8384
Eval_train Loss: 0.5324
INFO: Id_val ACCURACY: 0.8400
Id_val Loss: 0.5367
INFO: Id_test ACCURACY: 0.8357
Id_test Loss: 0.5276
INFO: Val ACCURACY: 0.8797
Val Loss: 0.5073
INFO: Test ACCURACY: 0.7850
Test Loss: 0.5586
INFO: Epoch 174:
INFO: Evaluating...
INFO: Approximated ML: 0.6558|LA: 1.0567|EA: 1.0914
INFO: Eval_train ACCURACY: 0.8354
Eval_train Loss: 0.5312
INFO: Id_val ACCURACY: 0.8383
Id_val Loss: 0.5350
INFO: Id_test ACCURACY: 0.8350
Id_test Loss: 0.5391
INFO: Val ACCURACY: 0.8790
Val Loss: 0.5257
INFO: Test ACCURACY: 0.7723
Test Loss: 0.5693
INFO: Epoch 175:
INFO: Evaluating...
INFO: Approximated ML: 0.6557|LA: 1.0521|EA: 1.0904
INFO: Eval_train ACCURACY: 0.8466
Eval_train Loss: 0.5291
INFO: Id_val ACCURACY: 0.8457
Id_val Loss: 0.5302
INFO: Id_test ACCURACY: 0.8463
Id_test Loss: 0.5227
INFO: Val ACCURACY: 0.8800
Val Loss: 0.5106
INFO: Test ACCURACY: 0.7377
Test Loss: 0.6156
INFO: Epoch 176:
INFO: Evaluating...
INFO: Approximated ML: 0.6583|LA: 1.0501|EA: 1.0913
INFO: Eval_train ACCURACY: 0.8422
Eval_train Loss: 0.5209
INFO: Id_val ACCURACY: 0.8387
Id_val Loss: 0.5261
INFO: Id_test ACCURACY: 0.8417
Id_test Loss: 0.5185
INFO: Val ACCURACY: 0.8800
Val Loss: 0.5065
INFO: Test ACCURACY: 0.7950
Test Loss: 0.5499
INFO: Epoch 177:
INFO: Evaluating...
INFO: Approximated ML: 0.6570|LA: 1.0450|EA: 1.0918
INFO: Eval_train ACCURACY: 0.8381
Eval_train Loss: 0.5250
INFO: Id_val ACCURACY: 0.8430
Id_val Loss: 0.5318
INFO: Id_test ACCURACY: 0.8380
Id_test Loss: 0.5178
INFO: Val ACCURACY: 0.8803
Val Loss: 0.4874
INFO: Test ACCURACY: 0.7087
Test Loss: 0.6298
INFO: Epoch 178:
INFO: Evaluating...
INFO: Approximated ML: 0.6577|LA: 1.0585|EA: 1.0894
INFO: Eval_train ACCURACY: 0.8411
Eval_train Loss: 0.5387
INFO: Id_val ACCURACY: 0.8407
Id_val Loss: 0.5467
INFO: Id_test ACCURACY: 0.8387
Id_test Loss: 0.5450
INFO: Val ACCURACY: 0.8797
Val Loss: 0.5128
INFO: Test ACCURACY: 0.7537
Test Loss: 0.5818
INFO: Epoch 179:
INFO: Evaluating...
INFO: Approximated ML: 0.6628|LA: 1.0607|EA: 1.0911
INFO: Eval_train ACCURACY: 0.8243
Eval_train Loss: 0.5551
INFO: Id_val ACCURACY: 0.8297
Id_val Loss: 0.5584
INFO: Id_test ACCURACY: 0.8173
Id_test Loss: 0.5523
INFO: Val ACCURACY: 0.8850
Val Loss: 0.5029
INFO: Test ACCURACY: 0.7767
Test Loss: 0.5640
INFO: Epoch 180:
INFO: Evaluating...
INFO: Approximated ML: 0.6679|LA: 1.0632|EA: 1.0919
INFO: Eval_train ACCURACY: 0.8124
Eval_train Loss: 0.5635
INFO: Id_val ACCURACY: 0.8057
Id_val Loss: 0.5785
INFO: Id_test ACCURACY: 0.8110
Id_test Loss: 0.5636
INFO: Val ACCURACY: 0.8793
Val Loss: 0.5119
INFO: Test ACCURACY: 0.7917
Test Loss: 0.5427
INFO: Epoch 181:
INFO: Evaluating...
INFO: Approximated ML: 0.6648|LA: 1.0618|EA: 1.0915
INFO: Eval_train ACCURACY: 0.8407
Eval_train Loss: 0.5373
INFO: Id_val ACCURACY: 0.8403
Id_val Loss: 0.5445
INFO: Id_test ACCURACY: 0.8433
Id_test Loss: 0.5327
INFO: Val ACCURACY: 0.8840
Val Loss: 0.4936
INFO: Test ACCURACY: 0.7317
Test Loss: 0.5998
INFO: Epoch 182:
INFO: Evaluating...
INFO: Approximated ML: 0.6534|LA: 1.0571|EA: 1.0912
INFO: Eval_train ACCURACY: 0.8394
Eval_train Loss: 0.5353
INFO: Id_val ACCURACY: 0.8393
Id_val Loss: 0.5349
INFO: Id_test ACCURACY: 0.8380
Id_test Loss: 0.5327
INFO: Val ACCURACY: 0.8790
Val Loss: 0.5062
INFO: Test ACCURACY: 0.7567
Test Loss: 0.5774
INFO: Epoch 183:
INFO: Evaluating...
INFO: Approximated ML: 0.6676|LA: 1.0595|EA: 1.0919
INFO: Eval_train ACCURACY: 0.8371
Eval_train Loss: 0.5361
INFO: Id_val ACCURACY: 0.8403
Id_val Loss: 0.5406
INFO: Id_test ACCURACY: 0.8387
Id_test Loss: 0.5365
INFO: Val ACCURACY: 0.8793
Val Loss: 0.5092
INFO: Test ACCURACY: 0.8550
Test Loss: 0.4812
INFO: Epoch 184:
INFO: Evaluating...
INFO: Approximated ML: 0.6627|LA: 1.0592|EA: 1.0886
INFO: Eval_train ACCURACY: 0.8222
Eval_train Loss: 0.5405
INFO: Id_val ACCURACY: 0.8270
Id_val Loss: 0.5383
INFO: Id_test ACCURACY: 0.8220
Id_test Loss: 0.5373
INFO: Val ACCURACY: 0.8793
Val Loss: 0.4935
INFO: Test ACCURACY: 0.7780
Test Loss: 0.5723
INFO: Epoch 185:
INFO: Evaluating...
INFO: Approximated ML: 0.6683|LA: 1.0602|EA: 1.0924
INFO: Eval_train ACCURACY: 0.8094
Eval_train Loss: 0.5553
INFO: Id_val ACCURACY: 0.8070
Id_val Loss: 0.5652
INFO: Id_test ACCURACY: 0.8120
Id_test Loss: 0.5484
INFO: Val ACCURACY: 0.8760
Val Loss: 0.5055
INFO: Test ACCURACY: 0.8817
Test Loss: 0.4448
INFO: Epoch 186:
INFO: Evaluating...
INFO: Approximated ML: 0.6760|LA: 1.0527|EA: 1.0918
INFO: Eval_train ACCURACY: 0.8177
Eval_train Loss: 0.5457
INFO: Id_val ACCURACY: 0.8170
Id_val Loss: 0.5519
INFO: Id_test ACCURACY: 0.8173
Id_test Loss: 0.5451
INFO: Val ACCURACY: 0.8810
Val Loss: 0.5171
INFO: Test ACCURACY: 0.8730
Test Loss: 0.4627
INFO: Epoch 187:
INFO: Evaluating...
INFO: Approximated ML: 0.6755|LA: 1.0540|EA: 1.0911
INFO: Eval_train ACCURACY: 0.8154
Eval_train Loss: 0.5520
INFO: Id_val ACCURACY: 0.8127
Id_val Loss: 0.5622
INFO: Id_test ACCURACY: 0.8143
Id_test Loss: 0.5502
INFO: Val ACCURACY: 0.8803
Val Loss: 0.5019
INFO: Test ACCURACY: 0.8503
Test Loss: 0.4860
INFO: Epoch 188:
INFO: Evaluating...
INFO: Approximated ML: 0.6752|LA: 1.0534|EA: 1.0904
INFO: Eval_train ACCURACY: 0.8272
Eval_train Loss: 0.5403
INFO: Id_val ACCURACY: 0.8277
Id_val Loss: 0.5534
INFO: Id_test ACCURACY: 0.8240
Id_test Loss: 0.5437
INFO: Val ACCURACY: 0.8803
Val Loss: 0.5199
INFO: Test ACCURACY: 0.8643
Test Loss: 0.4651
INFO: Epoch 189:
INFO: Evaluating...
INFO: Approximated ML: 0.6749|LA: 1.0588|EA: 1.0910
INFO: Eval_train ACCURACY: 0.8456
Eval_train Loss: 0.5219
INFO: Id_val ACCURACY: 0.8430
Id_val Loss: 0.5277
INFO: Id_test ACCURACY: 0.8393
Id_test Loss: 0.5300
INFO: Val ACCURACY: 0.8820
Val Loss: 0.5240
INFO: Test ACCURACY: 0.7770
Test Loss: 0.5780
INFO: Epoch 190:
INFO: Evaluating...
INFO: Approximated ML: 0.6791|LA: 1.0511|EA: 1.0922
INFO: Eval_train ACCURACY: 0.8163
Eval_train Loss: 0.5511
INFO: Id_val ACCURACY: 0.8167
Id_val Loss: 0.5582
INFO: Id_test ACCURACY: 0.8120
Id_test Loss: 0.5475
INFO: Val ACCURACY: 0.8813
Val Loss: 0.5273
INFO: Test ACCURACY: 0.8680
Test Loss: 0.4749
INFO: Epoch 191:
INFO: Evaluating...
INFO: Approximated ML: 0.6912|LA: 1.0581|EA: 1.0920
INFO: Eval_train ACCURACY: 0.8095
Eval_train Loss: 0.5620
INFO: Id_val ACCURACY: 0.8100
Id_val Loss: 0.5663
INFO: Id_test ACCURACY: 0.8097
Id_test Loss: 0.5545
INFO: Val ACCURACY: 0.8883
Val Loss: 0.5238
INFO: Test ACCURACY: 0.8770
Test Loss: 0.4510
INFO: Epoch 192:
INFO: Evaluating...
INFO: Approximated ML: 0.6945|LA: 1.0539|EA: 1.0921
INFO: Eval_train ACCURACY: 0.8224
Eval_train Loss: 0.5506
INFO: Id_val ACCURACY: 0.8233
Id_val Loss: 0.5609
INFO: Id_test ACCURACY: 0.8193
Id_test Loss: 0.5410
INFO: Val ACCURACY: 0.8840
Val Loss: 0.5047
INFO: Test ACCURACY: 0.8840
Test Loss: 0.4432
INFO: Epoch 193:
INFO: Evaluating...
INFO: Approximated ML: 0.6990|LA: 1.0451|EA: 1.0917
INFO: Eval_train ACCURACY: 0.8112
Eval_train Loss: 0.5573
INFO: Id_val ACCURACY: 0.8100
Id_val Loss: 0.5665
INFO: Id_test ACCURACY: 0.8113
Id_test Loss: 0.5530
INFO: Val ACCURACY: 0.8887
Val Loss: 0.5248
INFO: Test ACCURACY: 0.8990
Test Loss: 0.4145
INFO: Epoch 194:
INFO: Evaluating...
INFO: Approximated ML: 0.7004|LA: 1.0511|EA: 1.0923
INFO: Eval_train ACCURACY: 0.8313
Eval_train Loss: 0.5442
INFO: Id_val ACCURACY: 0.8240
Id_val Loss: 0.5497
INFO: Id_test ACCURACY: 0.8317
Id_test Loss: 0.5445
INFO: Val ACCURACY: 0.8860
Val Loss: 0.5116
INFO: Test ACCURACY: 0.8467
Test Loss: 0.4873
INFO: Epoch 195:
INFO: Evaluating...
INFO: Approximated ML: 0.6843|LA: 1.0572|EA: 1.0898
INFO: Eval_train ACCURACY: 0.8244
Eval_train Loss: 0.5526
INFO: Id_val ACCURACY: 0.8253
Id_val Loss: 0.5615
INFO: Id_test ACCURACY: 0.8237
Id_test Loss: 0.5552
INFO: Val ACCURACY: 0.8827
Val Loss: 0.5194
INFO: Test ACCURACY: 0.8790
Test Loss: 0.4458
INFO: Epoch 196:
INFO: Evaluating...
INFO: Approximated ML: 0.6839|LA: 1.0571|EA: 1.0906
INFO: Eval_train ACCURACY: 0.8474
Eval_train Loss: 0.5252
INFO: Id_val ACCURACY: 0.8483
Id_val Loss: 0.5303
INFO: Id_test ACCURACY: 0.8423
Id_test Loss: 0.5310
INFO: Val ACCURACY: 0.8857
Val Loss: 0.5025
INFO: Test ACCURACY: 0.8013
Test Loss: 0.5333
INFO: Epoch 197:
INFO: Evaluating...
INFO: Approximated ML: 0.6766|LA: 1.0539|EA: 1.0885
INFO: Eval_train ACCURACY: 0.8267
Eval_train Loss: 0.5446
INFO: Id_val ACCURACY: 0.8157
Id_val Loss: 0.5528
INFO: Id_test ACCURACY: 0.8263
Id_test Loss: 0.5429
INFO: Val ACCURACY: 0.8847
Val Loss: 0.5099
INFO: Test ACCURACY: 0.8060
Test Loss: 0.5341
INFO: Epoch 198:
INFO: Evaluating...
INFO: Approximated ML: 0.6921|LA: 1.0608|EA: 1.0895
INFO: Eval_train ACCURACY: 0.8136
Eval_train Loss: 0.5541
INFO: Id_val ACCURACY: 0.8163
Id_val Loss: 0.5588
INFO: Id_test ACCURACY: 0.8177
Id_test Loss: 0.5522
INFO: Val ACCURACY: 0.8900
Val Loss: 0.4959
INFO: Test ACCURACY: 0.8587
Test Loss: 0.4741
INFO: Epoch 199:
INFO: Evaluating...
INFO: Approximated ML: 0.6953|LA: 1.0469|EA: 1.0907
INFO: Eval_train ACCURACY: 0.8292
Eval_train Loss: 0.5367
INFO: Id_val ACCURACY: 0.8340
Id_val Loss: 0.5407
INFO: Id_test ACCURACY: 0.8330
Id_test Loss: 0.5332
INFO: Val ACCURACY: 0.8860
Val Loss: 0.5038
INFO: Test ACCURACY: 0.8950
Test Loss: 0.4193
INFO: Training end.
INFO: Loading best In-Domain Checkpoint 117...
INFO: Checkpoint 117: 
-----------------------------------
Train ACCURACY: 0.8893
Train Loss: 0.4431
ID Validation ACCURACY: 0.8887
ID Validation Loss: 0.4564
ID Test ACCURACY: 0.8837
ID Test Loss: 0.4561
OOD Validation ACCURACY: 0.8773
OOD Validation Loss: 0.4619
OOD Test ACCURACY: 0.7780
OOD Test Loss: 0.5578

INFO: Loading best Out-of-Domain Checkpoint 140...
INFO: Checkpoint 140: 
-----------------------------------
Train ACCURACY: 0.8022
Train Loss: 0.6117
ID Validation ACCURACY: 0.8007
ID Validation Loss: 0.6072
ID Test ACCURACY: 0.8027
ID Test Loss: 0.6028
OOD Validation ACCURACY: 0.9083
OOD Validation Loss: 0.4395
OOD Test ACCURACY: 0.8960
OOD Test Loss: 0.4299

INFO: ChartInfo 0.8837 0.7780 0.8027 0.8960 0.8007 0.9083